#
# There is insufficient memory for the Java Runtime Environment to continue.
# Native memory allocation (mmap) failed to map 65536 bytes. Error detail: Failed to commit metaspace.
# Possible reasons:
#   The system is out of physical RAM or swap space
#   This process is running with CompressedOops enabled, and the Java Heap may be blocking the growth of the native heap
# Possible solutions:
#   Reduce memory load on the system
#   Increase physical memory or swap space
#   Check if swap backing store is full
#   Decrease Java heap size (-Xmx/-Xms)
#   Decrease number of Java threads
#   Decrease Java thread stack sizes (-Xss)
#   Set larger code cache with -XX:ReservedCodeCacheSize=
#   JVM is running with Zero Based Compressed Oops mode in which the Java heap is
#     placed in the first 32GB address space. The Java Heap base address is the
#     maximum limit for the native heap growth. Please use -XX:HeapBaseMinAddress
#     to set the Java Heap base and to place the Java Heap above 32GB virtual address.
# This output file may be truncated or incomplete.
#
#  Out of Memory Error (virtualSpaceNode.cpp:113), pid=8768, tid=18656
#
# JRE version: OpenJDK Runtime Environment (25.0.1+8) (build 25.0.1+8-27)
# Java VM: OpenJDK 64-Bit Server VM (25.0.1+8-27, mixed mode, tiered, compressed oops, compressed class ptrs, g1 gc, windows-amd64)
# No core dump will be written. Minidumps are not enabled by default on client versions of Windows
#

---------------  S U M M A R Y ------------

Command Line: --enable-native-access=ALL-UNNAMED -Dclassworlds.conf=C:\Users\asus\.m2\wrapper\dists\apache-maven-3.9.14\ed7edd442f634ac1c1ef5ba2b61b6d690b5221091f1a8e1123f5fadcc967520d\bin\m2.conf -Dmaven.home=C:\Users\asus\.m2\wrapper\dists\apache-maven-3.9.14\ed7edd442f634ac1c1ef5ba2b61b6d690b5221091f1a8e1123f5fadcc967520d -Dlibrary.jansi.path=C:\Users\asus\.m2\wrapper\dists\apache-maven-3.9.14\ed7edd442f634ac1c1ef5ba2b61b6d690b5221091f1a8e1123f5fadcc967520d\lib\jansi-native -Dmaven.multiModuleProjectDirectory=O:\IntelliJ IDEA 2026.1\c2 org.codehaus.plexus.classworlds.launcher.Launcher package -DskipTests

Host: AMD Ryzen 7 5800H with Radeon Graphics         , 16 cores, 15G,  Windows 11 , 64 bit Build 26100 (10.0.26100.8246)
Time: Fri Apr 24 20:22:19 2026 India Standard Time elapsed time: 0.149686 seconds (0d 0h 0m 0s)

---------------  T H R E A D  ---------------

Current thread (0x0000028e4caba4a0):  JavaThread "main"             [_thread_in_vm, id=18656, stack(0x000000f5ff800000,0x000000f5ff900000) (1024K)]

Stack: [0x000000f5ff800000,0x000000f5ff900000]
Native frames: (J=compiled Java code, j=interpreted, Vv=VM code, C=native code)
V  [jvm.dll+0x7a6b59]  (no source info available)
V  [jvm.dll+0x77290d]  (no source info available)
V  [jvm.dll+0x966153]  (no source info available)
V  [jvm.dll+0x968751]  (no source info available)
V  [jvm.dll+0x968e53]  (no source info available)
V  [jvm.dll+0x2fc756]  (no source info available)
V  [jvm.dll+0x96301e]  (no source info available)
V  [jvm.dll+0x73db64]  (no source info available)
V  [jvm.dll+0x73dbca]  (no source info available)
V  [jvm.dll+0x7404b9]  (no source info available)
V  [jvm.dll+0x740245]  (no source info available)
V  [jvm.dll+0x29b372]  (no source info available)
V  [jvm.dll+0x73e588]  (no source info available)
V  [jvm.dll+0x2e1580]  (no source info available)
V  [jvm.dll+0x74a715]  (no source info available)
V  [jvm.dll+0x289f82]  (no source info available)
V  [jvm.dll+0x28a445]  (no source info available)
V  [jvm.dll+0x28ae1d]  (no source info available)
V  [jvm.dll+0x280856]  (no source info available)
V  [jvm.dll+0x668991]  (no source info available)
V  [jvm.dll+0x293271]  (no source info available)
V  [jvm.dll+0x8d4cbf]  (no source info available)
V  [jvm.dll+0x8d5d1a]  (no source info available)
V  [jvm.dll+0x8d6252]  (no source info available)
V  [jvm.dll+0x8d5fa6]  (no source info available)
V  [jvm.dll+0x2e5322]  (no source info available)
V  [jvm.dll+0x47158e]  (no source info available)
C  0x0000028e5ec2a6ef  (no source info available)

The last pc belongs to new (printed below).
Java frames: (J=compiled Java code, j=interpreted, Vv=VM code)
j  java.util.TreeMap.navigableKeySet()Ljava/util/NavigableSet;+14 java.base@25.0.1
j  java.util.TreeSet.iterator()Ljava/util/Iterator;+4 java.base@25.0.1
j  org.codehaus.plexus.classworlds.realm.ClassRealm.getImportClassLoader(Ljava/lang/String;)Ljava/lang/ClassLoader;+4
j  org.codehaus.plexus.classworlds.realm.ClassRealm.loadClassFromImport(Ljava/lang/String;)Ljava/lang/Class;+2
j  org.codehaus.plexus.classworlds.strategy.SelfFirstStrategy.loadClass(Ljava/lang/String;)Ljava/lang/Class;+5
j  org.codehaus.plexus.classworlds.realm.ClassRealm.unsynchronizedLoadClass(Ljava/lang/String;Z)Ljava/lang/Class;+13
j  org.codehaus.plexus.classworlds.realm.ClassRealm.loadClass(Ljava/lang/String;Z)Ljava/lang/Class;+9
j  org.codehaus.plexus.classworlds.realm.ClassRealm.loadClass(Ljava/lang/String;)Ljava/lang/Class;+3
j  org.codehaus.plexus.classworlds.launcher.Launcher.getMainClass()Ljava/lang/Class;+8
j  org.codehaus.plexus.classworlds.launcher.Launcher.launchEnhanced([Ljava/lang/String;)V+6
j  org.codehaus.plexus.classworlds.launcher.Launcher.launch([Ljava/lang/String;)V+2
j  org.codehaus.plexus.classworlds.launcher.Launcher.mainWithExitCode([Ljava/lang/String;)I+108
j  org.codehaus.plexus.classworlds.launcher.Launcher.main([Ljava/lang/String;)V+1
v  ~StubRoutines::call_stub 0x0000028e5ec112ed
Lock stack of current Java thread (top to bottom):

new  187 new  [0x0000028e5ec2a5c0, 0x0000028e5ec2a778]  440 bytes
[MachCode]
  0x0000028e5ec2a5c0: 4883 ec08 | c5fa 1104 | 24eb 1f48 | 83ec 10c5 | fb11 0424 | eb14 4883 | ec10 4889 | 0424 48c7 
  0x0000028e5ec2a5e0: 4424 0800 | 0000 00eb | 0150 410f | b755 010f | cac1 ea10 | 488b 4de8 | 488b 4908 | 488b 4908 
  0x0000028e5ec2a600: 488b 4108 | 807c 1004 | 070f 8583 | 0000 0066 | 8b54 d148 | 488b 4928 | 488b 4cd1 | 0851 80b9 
  0x0000028e5ec2a620: 3001 0000 | 040f 840d | 0000 004c | 3bb9 3801 | 0000 0f85 | 5900 0000 | 8b51 08f6 | c201 0f85 
  0x0000028e5ec2a640: 4d00 0000 | 498b 87c8 | 0100 0048 | 8d1c 1049 | 3b9f d801 | 0000 0f87 | 3500 0000 | 4989 9fc8 
  0x0000028e5ec2a660: 0100 0048 | 83ea 100f | 840f 0000 | 0033 c9c1 | ea03 4889 | 4cd0 0848 | ffca 75f6 | 48c7 0001 
  0x0000028e5ec2a680: 0000 0059 | 33f6 8970 | 0c89 4808 | e9cb 0000 | 0059 488b | 55e8 488b | 5208 488b | 5208 450f 
  0x0000028e5ec2a6a0: b745 0141 | 0fc8 41c1 | e810 e805 | 0000 00e9 | a800 0000 | 488d 4424 | 084c 896d | c049 8bcf 
  0x0000028e5ec2a6c0: c5f8 7749 | 89af 3804 | 0000 4989 | 8728 0400 | 0048 83ec | 2040 f6c4 | 0f0f 8419 | 0000 0048 
  0x0000028e5ec2a6e0: 83ec 0848 | b840 155a | 86fe 7f00 | 00ff d048 | 83c4 08e9 | 0c00 0000 | 48b8 4015 | 5a86 fe7f 
  0x0000028e5ec2a700: 0000 ffd0 | 4883 c420 | 49c7 8728 | 0400 0000 | 0000 0049 | c787 3804 | 0000 0000 | 0000 49c7 
  0x0000028e5ec2a720: 8730 0400 | 0000 0000 | 00c5 f877 | 4983 7f08 | 000f 8405 | 0000 00e9 | a46a feff | 498b 8780 
  0x0000028e5ec2a740: 0400 0049 | c787 8004 | 0000 0000 | 0000 4c8b | 6dc0 4c8b | 75c8 4e8d | 74f5 00c3 | 410f b65d 
  0x0000028e5ec2a760: 0349 83c5 | 0349 ba80 | d8eb 86fe | 7f00 0041 | ff24 da0f | 1f44 0000 
[/MachCode]

---------------  P R O C E S S  ---------------

Threads class SMR info:
_java_thread_list=0x0000028e731c4c20, length=12, elements={
0x0000028e4caba4a0, 0x0000028e6e5adba0, 0x0000028e6e5ae360, 0x0000028e6e5ba6e0,
0x0000028e6e5baea0, 0x0000028e6e5b6c60, 0x0000028e6e5bda70, 0x0000028e730160b0,
0x0000028e73020e40, 0x0000028e73021650, 0x0000028e731ec5a0, 0x0000028e73217ff0
}

Java Threads: ( => current thread )
=>0x0000028e4caba4a0 JavaThread "main"                              [_thread_in_vm, id=18656, stack(0x000000f5ff800000,0x000000f5ff900000) (1024K)]
  0x0000028e6e5adba0 JavaThread "Reference Handler"          daemon [_thread_blocked, id=21360, stack(0x000000f580000000,0x000000f580100000) (1024K)]
  0x0000028e6e5ae360 JavaThread "Finalizer"                  daemon [_thread_blocked, id=10296, stack(0x000000f580100000,0x000000f580200000) (1024K)]
  0x0000028e6e5ba6e0 JavaThread "Signal Dispatcher"          daemon [_thread_blocked, id=9396, stack(0x000000f580200000,0x000000f580300000) (1024K)]
  0x0000028e6e5baea0 JavaThread "Attach Listener"            daemon [_thread_blocked, id=22076, stack(0x000000f580300000,0x000000f580400000) (1024K)]
  0x0000028e6e5b6c60 JavaThread "Service Thread"             daemon [_thread_blocked, id=19464, stack(0x000000f580400000,0x000000f580500000) (1024K)]
  0x0000028e6e5bda70 JavaThread "Monitor Deflation Thread"   daemon [_thread_blocked, id=3228, stack(0x000000f580500000,0x000000f580600000) (1024K)]
  0x0000028e730160b0 JavaThread "C2 CompilerThread0"         daemon [_thread_blocked, id=19852, stack(0x000000f580600000,0x000000f580700000) (1024K)]
  0x0000028e73020e40 JavaThread "C1 CompilerThread0"         daemon [_thread_blocked, id=12108, stack(0x000000f580700000,0x000000f580800000) (1024K)]
  0x0000028e73021650 JavaThread "C1 CompilerThread1"         daemon [_thread_blocked, id=21724, stack(0x000000f580800000,0x000000f580900000) (1024K)]
  0x0000028e731ec5a0 JavaThread "Notification Thread"        daemon [_thread_blocked, id=9000, stack(0x000000f580900000,0x000000f580a00000) (1024K)]
  0x0000028e73217ff0 JavaThread "Common-Cleaner"             daemon [_thread_blocked, id=3800, stack(0x000000f580a00000,0x000000f580b00000) (1024K)]
Total: 12

Other Threads:
  0x0000028e6e56ffe0 VMThread "VM Thread"                           [id=20588, stack(0x000000f5fff00000,0x000000f600000000) (1024K)]
  0x0000028e6e52fbd0 WatcherThread "VM Periodic Task Thread"        [id=16012, stack(0x000000f5ffe00000,0x000000f5fff00000) (1024K)]
  0x0000028e4efac170 WorkerThread "GC Thread#0"                     [id=20900, stack(0x000000f5ff900000,0x000000f5ffa00000) (1024K)]
  0x0000028e4efc4580 ConcurrentGCThread "G1 Main Marker"            [id=22376, stack(0x000000f5ffa00000,0x000000f5ffb00000) (1024K)]
  0x0000028e4efc5a90 WorkerThread "G1 Conc#0"                       [id=22064, stack(0x000000f5ffb00000,0x000000f5ffc00000) (1024K)]
  0x0000028e4effe000 ConcurrentGCThread "G1 Refine#0"               [id=20732, stack(0x000000f5ffc00000,0x000000f5ffd00000) (1024K)]
  0x0000028e4effe4c0 ConcurrentGCThread "G1 Service"                [id=15996, stack(0x000000f5ffd00000,0x000000f5ffe00000) (1024K)]
Total: 7

Threads with active compile tasks:
Total: 0

VM state: not at safepoint (normal execution)

VM Mutex/Monitor currently owned by a thread:  ([mutex/lock_event])
[0x00007ffe86ea72e8] Metaspace_lock - owner thread: 0x0000028e4caba4a0

Heap address: 0x0000000709800000, size: 3944 MB, Compressed Oops mode: Zero based, Oop shift amount: 3

CDS archive(s) not mapped
Compressed class space mapped at: 0x0000000084000000-0x00000000c4000000, reserved size: 1073741824
UseCompressedClassPointers 1, UseCompactObjectHeaders 0
Narrow klass pointer bits 32, Max shift 3
Narrow klass base: 0x0000000000000000, Narrow klass shift: 0
Encoding Range: [0x0000000000000000 - 0x0000000100000000), (4294967296 bytes)
Klass Range:    [0x0000000084000000 - 0x00000000c4000000), (1073741824 bytes)
Klass ID Range:  [2214592512 - 3288334329) (1073741817)
No protection zone.

GC Precious Log:
 CardTable entry size: 512
 Card Set container configuration: InlinePtr #cards 4 size 8 Array Of Cards #cards 16 size 48 Howl #buckets 8 coarsen threshold 3686 Howl Bitmap #cards 512 size 80 coarsen threshold 460 Card regions per heap region 1 cards per card region 4096
 CPUs: 16 total, 16 available
 Memory: 15773M
 Large Page Support: Disabled
 NUMA Support: Disabled
 Compressed Oops: Enabled (Zero based)
 Heap Region Size: 2M
 Heap Min Capacity: 8M
 Heap Initial Capacity: 248M
 Heap Max Capacity: 3944M
 Pre-touch: Disabled
 Parallel Workers: 13
 Concurrent Workers: 3
 Concurrent Refinement Workers: 13
 Periodic GC: Disabled

Heap:
 garbage-first heap   total reserved 4038656K, committed 253952K, used 4096K [0x0000000709800000, 0x0000000800000000)
  region size 2048K, 3 young (6144K), 0 survivors (0K)

Heap Regions: E=young(eden), S=young(survivor), O=old, HS=humongous(starts), HC=humongous(continues), CS=collection set, F=free, TAMS=top-at-mark-start, PB=parsable bottom
|   0|0x0000000709800000, 0x0000000709800000, 0x0000000709a00000|  0%| F|  |TAMS 0x0000000709800000| PB 0x0000000709800000| Untracked |  0
|   1|0x0000000709a00000, 0x0000000709a00000, 0x0000000709c00000|  0%| F|  |TAMS 0x0000000709a00000| PB 0x0000000709a00000| Untracked |  0
|   2|0x0000000709c00000, 0x0000000709c00000, 0x0000000709e00000|  0%| F|  |TAMS 0x0000000709c00000| PB 0x0000000709c00000| Untracked |  0
|   3|0x0000000709e00000, 0x0000000709e00000, 0x000000070a000000|  0%| F|  |TAMS 0x0000000709e00000| PB 0x0000000709e00000| Untracked |  0
|   4|0x000000070a000000, 0x000000070a000000, 0x000000070a200000|  0%| F|  |TAMS 0x000000070a000000| PB 0x000000070a000000| Untracked |  0
|   5|0x000000070a200000, 0x000000070a200000, 0x000000070a400000|  0%| F|  |TAMS 0x000000070a200000| PB 0x000000070a200000| Untracked |  0
|   6|0x000000070a400000, 0x000000070a400000, 0x000000070a600000|  0%| F|  |TAMS 0x000000070a400000| PB 0x000000070a400000| Untracked |  0
|   7|0x000000070a600000, 0x000000070a600000, 0x000000070a800000|  0%| F|  |TAMS 0x000000070a600000| PB 0x000000070a600000| Untracked |  0
|   8|0x000000070a800000, 0x000000070a800000, 0x000000070aa00000|  0%| F|  |TAMS 0x000000070a800000| PB 0x000000070a800000| Untracked |  0
|   9|0x000000070aa00000, 0x000000070aa00000, 0x000000070ac00000|  0%| F|  |TAMS 0x000000070aa00000| PB 0x000000070aa00000| Untracked |  0
|  10|0x000000070ac00000, 0x000000070ac00000, 0x000000070ae00000|  0%| F|  |TAMS 0x000000070ac00000| PB 0x000000070ac00000| Untracked |  0
|  11|0x000000070ae00000, 0x000000070ae00000, 0x000000070b000000|  0%| F|  |TAMS 0x000000070ae00000| PB 0x000000070ae00000| Untracked |  0
|  12|0x000000070b000000, 0x000000070b000000, 0x000000070b200000|  0%| F|  |TAMS 0x000000070b000000| PB 0x000000070b000000| Untracked |  0
|  13|0x000000070b200000, 0x000000070b200000, 0x000000070b400000|  0%| F|  |TAMS 0x000000070b200000| PB 0x000000070b200000| Untracked |  0
|  14|0x000000070b400000, 0x000000070b400000, 0x000000070b600000|  0%| F|  |TAMS 0x000000070b400000| PB 0x000000070b400000| Untracked |  0
|  15|0x000000070b600000, 0x000000070b600000, 0x000000070b800000|  0%| F|  |TAMS 0x000000070b600000| PB 0x000000070b600000| Untracked |  0
|  16|0x000000070b800000, 0x000000070b800000, 0x000000070ba00000|  0%| F|  |TAMS 0x000000070b800000| PB 0x000000070b800000| Untracked |  0
|  17|0x000000070ba00000, 0x000000070ba00000, 0x000000070bc00000|  0%| F|  |TAMS 0x000000070ba00000| PB 0x000000070ba00000| Untracked |  0
|  18|0x000000070bc00000, 0x000000070bc00000, 0x000000070be00000|  0%| F|  |TAMS 0x000000070bc00000| PB 0x000000070bc00000| Untracked |  0
|  19|0x000000070be00000, 0x000000070be00000, 0x000000070c000000|  0%| F|  |TAMS 0x000000070be00000| PB 0x000000070be00000| Untracked |  0
|  20|0x000000070c000000, 0x000000070c000000, 0x000000070c200000|  0%| F|  |TAMS 0x000000070c000000| PB 0x000000070c000000| Untracked |  0
|  21|0x000000070c200000, 0x000000070c200000, 0x000000070c400000|  0%| F|  |TAMS 0x000000070c200000| PB 0x000000070c200000| Untracked |  0
|  22|0x000000070c400000, 0x000000070c400000, 0x000000070c600000|  0%| F|  |TAMS 0x000000070c400000| PB 0x000000070c400000| Untracked |  0
|  23|0x000000070c600000, 0x000000070c600000, 0x000000070c800000|  0%| F|  |TAMS 0x000000070c600000| PB 0x000000070c600000| Untracked |  0
|  24|0x000000070c800000, 0x000000070c800000, 0x000000070ca00000|  0%| F|  |TAMS 0x000000070c800000| PB 0x000000070c800000| Untracked |  0
|  25|0x000000070ca00000, 0x000000070ca00000, 0x000000070cc00000|  0%| F|  |TAMS 0x000000070ca00000| PB 0x000000070ca00000| Untracked |  0
|  26|0x000000070cc00000, 0x000000070cc00000, 0x000000070ce00000|  0%| F|  |TAMS 0x000000070cc00000| PB 0x000000070cc00000| Untracked |  0
|  27|0x000000070ce00000, 0x000000070ce00000, 0x000000070d000000|  0%| F|  |TAMS 0x000000070ce00000| PB 0x000000070ce00000| Untracked |  0
|  28|0x000000070d000000, 0x000000070d000000, 0x000000070d200000|  0%| F|  |TAMS 0x000000070d000000| PB 0x000000070d000000| Untracked |  0
|  29|0x000000070d200000, 0x000000070d200000, 0x000000070d400000|  0%| F|  |TAMS 0x000000070d200000| PB 0x000000070d200000| Untracked |  0
|  30|0x000000070d400000, 0x000000070d400000, 0x000000070d600000|  0%| F|  |TAMS 0x000000070d400000| PB 0x000000070d400000| Untracked |  0
|  31|0x000000070d600000, 0x000000070d600000, 0x000000070d800000|  0%| F|  |TAMS 0x000000070d600000| PB 0x000000070d600000| Untracked |  0
|  32|0x000000070d800000, 0x000000070d800000, 0x000000070da00000|  0%| F|  |TAMS 0x000000070d800000| PB 0x000000070d800000| Untracked |  0
|  33|0x000000070da00000, 0x000000070da00000, 0x000000070dc00000|  0%| F|  |TAMS 0x000000070da00000| PB 0x000000070da00000| Untracked |  0
|  34|0x000000070dc00000, 0x000000070dc00000, 0x000000070de00000|  0%| F|  |TAMS 0x000000070dc00000| PB 0x000000070dc00000| Untracked |  0
|  35|0x000000070de00000, 0x000000070de00000, 0x000000070e000000|  0%| F|  |TAMS 0x000000070de00000| PB 0x000000070de00000| Untracked |  0
|  36|0x000000070e000000, 0x000000070e000000, 0x000000070e200000|  0%| F|  |TAMS 0x000000070e000000| PB 0x000000070e000000| Untracked |  0
|  37|0x000000070e200000, 0x000000070e200000, 0x000000070e400000|  0%| F|  |TAMS 0x000000070e200000| PB 0x000000070e200000| Untracked |  0
|  38|0x000000070e400000, 0x000000070e400000, 0x000000070e600000|  0%| F|  |TAMS 0x000000070e400000| PB 0x000000070e400000| Untracked |  0
|  39|0x000000070e600000, 0x000000070e600000, 0x000000070e800000|  0%| F|  |TAMS 0x000000070e600000| PB 0x000000070e600000| Untracked |  0
|  40|0x000000070e800000, 0x000000070e800000, 0x000000070ea00000|  0%| F|  |TAMS 0x000000070e800000| PB 0x000000070e800000| Untracked |  0
|  41|0x000000070ea00000, 0x000000070ea00000, 0x000000070ec00000|  0%| F|  |TAMS 0x000000070ea00000| PB 0x000000070ea00000| Untracked |  0
|  42|0x000000070ec00000, 0x000000070ec00000, 0x000000070ee00000|  0%| F|  |TAMS 0x000000070ec00000| PB 0x000000070ec00000| Untracked |  0
|  43|0x000000070ee00000, 0x000000070ee00000, 0x000000070f000000|  0%| F|  |TAMS 0x000000070ee00000| PB 0x000000070ee00000| Untracked |  0
|  44|0x000000070f000000, 0x000000070f000000, 0x000000070f200000|  0%| F|  |TAMS 0x000000070f000000| PB 0x000000070f000000| Untracked |  0
|  45|0x000000070f200000, 0x000000070f200000, 0x000000070f400000|  0%| F|  |TAMS 0x000000070f200000| PB 0x000000070f200000| Untracked |  0
|  46|0x000000070f400000, 0x000000070f400000, 0x000000070f600000|  0%| F|  |TAMS 0x000000070f400000| PB 0x000000070f400000| Untracked |  0
|  47|0x000000070f600000, 0x000000070f600000, 0x000000070f800000|  0%| F|  |TAMS 0x000000070f600000| PB 0x000000070f600000| Untracked |  0
|  48|0x000000070f800000, 0x000000070f800000, 0x000000070fa00000|  0%| F|  |TAMS 0x000000070f800000| PB 0x000000070f800000| Untracked |  0
|  49|0x000000070fa00000, 0x000000070fa00000, 0x000000070fc00000|  0%| F|  |TAMS 0x000000070fa00000| PB 0x000000070fa00000| Untracked |  0
|  50|0x000000070fc00000, 0x000000070fc00000, 0x000000070fe00000|  0%| F|  |TAMS 0x000000070fc00000| PB 0x000000070fc00000| Untracked |  0
|  51|0x000000070fe00000, 0x000000070fe00000, 0x0000000710000000|  0%| F|  |TAMS 0x000000070fe00000| PB 0x000000070fe00000| Untracked |  0
|  52|0x0000000710000000, 0x0000000710000000, 0x0000000710200000|  0%| F|  |TAMS 0x0000000710000000| PB 0x0000000710000000| Untracked |  0
|  53|0x0000000710200000, 0x0000000710200000, 0x0000000710400000|  0%| F|  |TAMS 0x0000000710200000| PB 0x0000000710200000| Untracked |  0
|  54|0x0000000710400000, 0x0000000710400000, 0x0000000710600000|  0%| F|  |TAMS 0x0000000710400000| PB 0x0000000710400000| Untracked |  0
|  55|0x0000000710600000, 0x0000000710600000, 0x0000000710800000|  0%| F|  |TAMS 0x0000000710600000| PB 0x0000000710600000| Untracked |  0
|  56|0x0000000710800000, 0x0000000710800000, 0x0000000710a00000|  0%| F|  |TAMS 0x0000000710800000| PB 0x0000000710800000| Untracked |  0
|  57|0x0000000710a00000, 0x0000000710a00000, 0x0000000710c00000|  0%| F|  |TAMS 0x0000000710a00000| PB 0x0000000710a00000| Untracked |  0
|  58|0x0000000710c00000, 0x0000000710c00000, 0x0000000710e00000|  0%| F|  |TAMS 0x0000000710c00000| PB 0x0000000710c00000| Untracked |  0
|  59|0x0000000710e00000, 0x0000000710e00000, 0x0000000711000000|  0%| F|  |TAMS 0x0000000710e00000| PB 0x0000000710e00000| Untracked |  0
|  60|0x0000000711000000, 0x0000000711000000, 0x0000000711200000|  0%| F|  |TAMS 0x0000000711000000| PB 0x0000000711000000| Untracked |  0
|  61|0x0000000711200000, 0x0000000711200000, 0x0000000711400000|  0%| F|  |TAMS 0x0000000711200000| PB 0x0000000711200000| Untracked |  0
|  62|0x0000000711400000, 0x0000000711400000, 0x0000000711600000|  0%| F|  |TAMS 0x0000000711400000| PB 0x0000000711400000| Untracked |  0
|  63|0x0000000711600000, 0x0000000711600000, 0x0000000711800000|  0%| F|  |TAMS 0x0000000711600000| PB 0x0000000711600000| Untracked |  0
|  64|0x0000000711800000, 0x0000000711800000, 0x0000000711a00000|  0%| F|  |TAMS 0x0000000711800000| PB 0x0000000711800000| Untracked |  0
|  65|0x0000000711a00000, 0x0000000711a00000, 0x0000000711c00000|  0%| F|  |TAMS 0x0000000711a00000| PB 0x0000000711a00000| Untracked |  0
|  66|0x0000000711c00000, 0x0000000711c00000, 0x0000000711e00000|  0%| F|  |TAMS 0x0000000711c00000| PB 0x0000000711c00000| Untracked |  0
|  67|0x0000000711e00000, 0x0000000711e00000, 0x0000000712000000|  0%| F|  |TAMS 0x0000000711e00000| PB 0x0000000711e00000| Untracked |  0
|  68|0x0000000712000000, 0x0000000712000000, 0x0000000712200000|  0%| F|  |TAMS 0x0000000712000000| PB 0x0000000712000000| Untracked |  0
|  69|0x0000000712200000, 0x0000000712200000, 0x0000000712400000|  0%| F|  |TAMS 0x0000000712200000| PB 0x0000000712200000| Untracked |  0
|  70|0x0000000712400000, 0x0000000712400000, 0x0000000712600000|  0%| F|  |TAMS 0x0000000712400000| PB 0x0000000712400000| Untracked |  0
|  71|0x0000000712600000, 0x0000000712600000, 0x0000000712800000|  0%| F|  |TAMS 0x0000000712600000| PB 0x0000000712600000| Untracked |  0
|  72|0x0000000712800000, 0x0000000712800000, 0x0000000712a00000|  0%| F|  |TAMS 0x0000000712800000| PB 0x0000000712800000| Untracked |  0
|  73|0x0000000712a00000, 0x0000000712a00000, 0x0000000712c00000|  0%| F|  |TAMS 0x0000000712a00000| PB 0x0000000712a00000| Untracked |  0
|  74|0x0000000712c00000, 0x0000000712c00000, 0x0000000712e00000|  0%| F|  |TAMS 0x0000000712c00000| PB 0x0000000712c00000| Untracked |  0
|  75|0x0000000712e00000, 0x0000000712e00000, 0x0000000713000000|  0%| F|  |TAMS 0x0000000712e00000| PB 0x0000000712e00000| Untracked |  0
|  76|0x0000000713000000, 0x0000000713000000, 0x0000000713200000|  0%| F|  |TAMS 0x0000000713000000| PB 0x0000000713000000| Untracked |  0
|  77|0x0000000713200000, 0x0000000713200000, 0x0000000713400000|  0%| F|  |TAMS 0x0000000713200000| PB 0x0000000713200000| Untracked |  0
|  78|0x0000000713400000, 0x0000000713400000, 0x0000000713600000|  0%| F|  |TAMS 0x0000000713400000| PB 0x0000000713400000| Untracked |  0
|  79|0x0000000713600000, 0x0000000713600000, 0x0000000713800000|  0%| F|  |TAMS 0x0000000713600000| PB 0x0000000713600000| Untracked |  0
|  80|0x0000000713800000, 0x0000000713800000, 0x0000000713a00000|  0%| F|  |TAMS 0x0000000713800000| PB 0x0000000713800000| Untracked |  0
|  81|0x0000000713a00000, 0x0000000713a00000, 0x0000000713c00000|  0%| F|  |TAMS 0x0000000713a00000| PB 0x0000000713a00000| Untracked |  0
|  82|0x0000000713c00000, 0x0000000713c00000, 0x0000000713e00000|  0%| F|  |TAMS 0x0000000713c00000| PB 0x0000000713c00000| Untracked |  0
|  83|0x0000000713e00000, 0x0000000713e00000, 0x0000000714000000|  0%| F|  |TAMS 0x0000000713e00000| PB 0x0000000713e00000| Untracked |  0
|  84|0x0000000714000000, 0x0000000714000000, 0x0000000714200000|  0%| F|  |TAMS 0x0000000714000000| PB 0x0000000714000000| Untracked |  0
|  85|0x0000000714200000, 0x0000000714200000, 0x0000000714400000|  0%| F|  |TAMS 0x0000000714200000| PB 0x0000000714200000| Untracked |  0
|  86|0x0000000714400000, 0x0000000714400000, 0x0000000714600000|  0%| F|  |TAMS 0x0000000714400000| PB 0x0000000714400000| Untracked |  0
|  87|0x0000000714600000, 0x0000000714600000, 0x0000000714800000|  0%| F|  |TAMS 0x0000000714600000| PB 0x0000000714600000| Untracked |  0
|  88|0x0000000714800000, 0x0000000714800000, 0x0000000714a00000|  0%| F|  |TAMS 0x0000000714800000| PB 0x0000000714800000| Untracked |  0
|  89|0x0000000714a00000, 0x0000000714a00000, 0x0000000714c00000|  0%| F|  |TAMS 0x0000000714a00000| PB 0x0000000714a00000| Untracked |  0
|  90|0x0000000714c00000, 0x0000000714c00000, 0x0000000714e00000|  0%| F|  |TAMS 0x0000000714c00000| PB 0x0000000714c00000| Untracked |  0
|  91|0x0000000714e00000, 0x0000000714e00000, 0x0000000715000000|  0%| F|  |TAMS 0x0000000714e00000| PB 0x0000000714e00000| Untracked |  0
|  92|0x0000000715000000, 0x0000000715000000, 0x0000000715200000|  0%| F|  |TAMS 0x0000000715000000| PB 0x0000000715000000| Untracked |  0
|  93|0x0000000715200000, 0x0000000715200000, 0x0000000715400000|  0%| F|  |TAMS 0x0000000715200000| PB 0x0000000715200000| Untracked |  0
|  94|0x0000000715400000, 0x0000000715400000, 0x0000000715600000|  0%| F|  |TAMS 0x0000000715400000| PB 0x0000000715400000| Untracked |  0
|  95|0x0000000715600000, 0x0000000715600000, 0x0000000715800000|  0%| F|  |TAMS 0x0000000715600000| PB 0x0000000715600000| Untracked |  0
|  96|0x0000000715800000, 0x0000000715800000, 0x0000000715a00000|  0%| F|  |TAMS 0x0000000715800000| PB 0x0000000715800000| Untracked |  0
|  97|0x0000000715a00000, 0x0000000715a00000, 0x0000000715c00000|  0%| F|  |TAMS 0x0000000715a00000| PB 0x0000000715a00000| Untracked |  0
|  98|0x0000000715c00000, 0x0000000715c00000, 0x0000000715e00000|  0%| F|  |TAMS 0x0000000715c00000| PB 0x0000000715c00000| Untracked |  0
|  99|0x0000000715e00000, 0x0000000715e00000, 0x0000000716000000|  0%| F|  |TAMS 0x0000000715e00000| PB 0x0000000715e00000| Untracked |  0
| 100|0x0000000716000000, 0x0000000716000000, 0x0000000716200000|  0%| F|  |TAMS 0x0000000716000000| PB 0x0000000716000000| Untracked |  0
| 101|0x0000000716200000, 0x0000000716200000, 0x0000000716400000|  0%| F|  |TAMS 0x0000000716200000| PB 0x0000000716200000| Untracked |  0
| 102|0x0000000716400000, 0x0000000716400000, 0x0000000716600000|  0%| F|  |TAMS 0x0000000716400000| PB 0x0000000716400000| Untracked |  0
| 103|0x0000000716600000, 0x0000000716600000, 0x0000000716800000|  0%| F|  |TAMS 0x0000000716600000| PB 0x0000000716600000| Untracked |  0
| 104|0x0000000716800000, 0x0000000716800000, 0x0000000716a00000|  0%| F|  |TAMS 0x0000000716800000| PB 0x0000000716800000| Untracked |  0
| 105|0x0000000716a00000, 0x0000000716a00000, 0x0000000716c00000|  0%| F|  |TAMS 0x0000000716a00000| PB 0x0000000716a00000| Untracked |  0
| 106|0x0000000716c00000, 0x0000000716c00000, 0x0000000716e00000|  0%| F|  |TAMS 0x0000000716c00000| PB 0x0000000716c00000| Untracked |  0
| 107|0x0000000716e00000, 0x0000000716e00000, 0x0000000717000000|  0%| F|  |TAMS 0x0000000716e00000| PB 0x0000000716e00000| Untracked |  0
| 108|0x0000000717000000, 0x0000000717000000, 0x0000000717200000|  0%| F|  |TAMS 0x0000000717000000| PB 0x0000000717000000| Untracked |  0
| 109|0x0000000717200000, 0x0000000717200000, 0x0000000717400000|  0%| F|  |TAMS 0x0000000717200000| PB 0x0000000717200000| Untracked |  0
| 110|0x0000000717400000, 0x0000000717400000, 0x0000000717600000|  0%| F|  |TAMS 0x0000000717400000| PB 0x0000000717400000| Untracked |  0
| 111|0x0000000717600000, 0x0000000717600000, 0x0000000717800000|  0%| F|  |TAMS 0x0000000717600000| PB 0x0000000717600000| Untracked |  0
| 112|0x0000000717800000, 0x0000000717800000, 0x0000000717a00000|  0%| F|  |TAMS 0x0000000717800000| PB 0x0000000717800000| Untracked |  0
| 113|0x0000000717a00000, 0x0000000717a00000, 0x0000000717c00000|  0%| F|  |TAMS 0x0000000717a00000| PB 0x0000000717a00000| Untracked |  0
| 114|0x0000000717c00000, 0x0000000717c00000, 0x0000000717e00000|  0%| F|  |TAMS 0x0000000717c00000| PB 0x0000000717c00000| Untracked |  0
| 115|0x0000000717e00000, 0x0000000717e00000, 0x0000000718000000|  0%| F|  |TAMS 0x0000000717e00000| PB 0x0000000717e00000| Untracked |  0
| 116|0x0000000718000000, 0x0000000718000000, 0x0000000718200000|  0%| F|  |TAMS 0x0000000718000000| PB 0x0000000718000000| Untracked |  0
| 117|0x0000000718200000, 0x0000000718200000, 0x0000000718400000|  0%| F|  |TAMS 0x0000000718200000| PB 0x0000000718200000| Untracked |  0
| 118|0x0000000718400000, 0x0000000718400000, 0x0000000718600000|  0%| F|  |TAMS 0x0000000718400000| PB 0x0000000718400000| Untracked |  0
| 119|0x0000000718600000, 0x0000000718600000, 0x0000000718800000|  0%| F|  |TAMS 0x0000000718600000| PB 0x0000000718600000| Untracked |  0
| 120|0x0000000718800000, 0x0000000718800000, 0x0000000718a00000|  0%| F|  |TAMS 0x0000000718800000| PB 0x0000000718800000| Untracked |  0
| 121|0x0000000718a00000, 0x0000000718af9c38, 0x0000000718c00000| 48%| E|  |TAMS 0x0000000718a00000| PB 0x0000000718a00000| Complete |  0
| 122|0x0000000718c00000, 0x0000000718e00000, 0x0000000718e00000|100%| E|CS|TAMS 0x0000000718c00000| PB 0x0000000718c00000| Complete |  0
| 123|0x0000000718e00000, 0x0000000719000000, 0x0000000719000000|100%| E|CS|TAMS 0x0000000718e00000| PB 0x0000000718e00000| Complete |  0

Card table byte_map: [0x0000028e67800000,0x0000028e67fc0000] _byte_map_base: 0x0000028e63fb4000

Marking Bits: (CMBitMap*) 0x0000028e4efac700
 Bits: [0x0000028e67fc0000, 0x0000028e6bd60000)

Polling page: 0x0000028e4cd80000

Metaspace:
Metaspace        used 7250K, committed 7424K, reserved 1114112K
 class space     used 462K, committed 576K, reserved 1048576K

Usage:
  Non-class:      6.63 MB used.
      Class:    462.89 KB used.
       Both:      7.08 MB used.

Virtual space:
  Non-class space:       64.00 MB reserved,       6.69 MB ( 10%) committed,  1 nodes.
      Class space:        1.00 GB reserved,     576.00 KB ( <1%) committed,  1 nodes.
             Both:        1.06 GB reserved,       7.25 MB ( <1%) committed. 

Chunk freelists:
   Non-Class:  8.98 MB
       Class:  15.49 MB
        Both:  24.47 MB

MaxMetaspaceSize: unlimited
CompressedClassSpaceSize: 1.00 GB
Initial GC threshold: 21.00 MB
Current GC threshold: 21.00 MB
CDS: off
 - commit_granule_bytes: 65536.
 - commit_granule_words: 8192.
 - virtual_space_node_default_size: 8388608.
 - enlarge_chunks_in_place: 1.
UseCompressedClassPointers 1, UseCompactObjectHeaders 0
Narrow klass pointer bits 32, Max shift 3
Narrow klass base: 0x0000000000000000, Narrow klass shift: 0
Encoding Range: [0x0000000000000000 - 0x0000000100000000), (4294967296 bytes)
Klass Range:    [0x0000000084000000 - 0x00000000c4000000), (1073741824 bytes)
Klass ID Range:  [2214592512 - 3288334329) (1073741817)
No protection zone.


Internal statistics:

num_allocs_failed_limit: 0.
num_arena_births: 6.
num_arena_deaths: 0.
num_vsnodes_births: 2.
num_vsnodes_deaths: 0.
num_space_committed: 116.
num_space_uncommitted: 0.
num_chunks_returned_to_freelist: 0.
num_chunks_taken_from_freelist: 18.
num_chunk_merges: 0.
num_chunk_splits: 13.
num_chunks_enlarged: 10.
num_inconsistent_stats: 0.

CodeHeap 'non-profiled nmethods': size=119232Kb used=50Kb max_used=50Kb free=119182Kb
 bounds [0x0000028e5f350000, 0x0000028e5f5c0000, 0x0000028e667c0000]
CodeHeap 'profiled nmethods': size=119104Kb used=167Kb max_used=167Kb free=118937Kb
 bounds [0x0000028e577c0000, 0x0000028e57a30000, 0x0000028e5ec10000]
CodeHeap 'non-nmethods': size=7424Kb used=1836Kb max_used=1848Kb free=5587Kb
 bounds [0x0000028e5ec10000, 0x0000028e5ee80000, 0x0000028e5f350000]
CodeCache: size=245760Kb, used=2053Kb, max_used=2065Kb, free=243706Kb
 total_blobs=596, nmethods=196, adapters=303, full_count=0
Compilation: enabled, stopped_count=0, restarted_count=0

Compilation events (20 events):
Event: 0.143 Thread 0x0000028e730160b0 nmethod 172 0x0000028e5f359d08 code [0x0000028e5f359e00, 0x0000028e5f359fc0]
Event: 0.143 Thread 0x0000028e73021650 nmethod 181 0x0000028e577e8508 code [0x0000028e577e8600, 0x0000028e577e8ce8]
Event: 0.143 Thread 0x0000028e730160b0  179       4       java.lang.StringLatin1::indexOf (17 bytes)
Event: 0.143 Thread 0x0000028e730160b0 nmethod 179 0x0000028e5f35a008 code [0x0000028e5f35a100, 0x0000028e5f35a2e8]
Event: 0.144 Thread 0x0000028e73020e40  182       1       java.lang.module.ModuleDescriptor::isOpen (5 bytes)
Event: 0.144 Thread 0x0000028e73020e40 nmethod 182 0x0000028e5f35a308 code [0x0000028e5f35a400, 0x0000028e5f35a4c8]
Event: 0.144 Thread 0x0000028e73020e40  183       3       java.util.Objects::requireNonNull (15 bytes)
Event: 0.144 Thread 0x0000028e73020e40 nmethod 183 0x0000028e577e8d08 code [0x0000028e577e8e00, 0x0000028e577e8fd0]
Event: 0.144 Thread 0x0000028e73020e40  185       1       jdk.internal.util.StrongReferenceKey::get (5 bytes)
Event: 0.144 Thread 0x0000028e73020e40 nmethod 185 0x0000028e5f35a908 code [0x0000028e5f35aa00, 0x0000028e5f35aac8]
Event: 0.144 Thread 0x0000028e73020e40  186       1       jdk.internal.classfile.impl.RawBytecodeHelper::bci (5 bytes)
Event: 0.144 Thread 0x0000028e73020e40 nmethod 186 0x0000028e5f35ac08 code [0x0000028e5f35ad00, 0x0000028e5f35adc8]
Event: 0.146 Thread 0x0000028e73020e40  189       1       java.lang.invoke.MethodType::returnType (5 bytes)
Event: 0.146 Thread 0x0000028e73021650  190   !   3       java.lang.ref.ReferenceQueue::poll (44 bytes)
Event: 0.146 Thread 0x0000028e73020e40 nmethod 189 0x0000028e5f35b508 code [0x0000028e5f35b600, 0x0000028e5f35b6c8]
Event: 0.146 Thread 0x0000028e73020e40  191       1       java.lang.Class::getClassLoader (5 bytes)
Event: 0.146 Thread 0x0000028e73020e40 nmethod 191 0x0000028e5f35bc08 code [0x0000028e5f35bd00, 0x0000028e5f35bdc8]
Event: 0.146 Thread 0x0000028e73021650 nmethod 190 0x0000028e577e9008 code [0x0000028e577e9100, 0x0000028e577e9730]
Event: 0.148 Thread 0x0000028e73021650  195       3       jdk.internal.util.ReferencedKeyMap::removeStaleReferences (30 bytes)
Event: 0.148 Thread 0x0000028e73021650 nmethod 195 0x0000028e577e9788 code [0x0000028e577e9880, 0x0000028e577e9bb8]

GC Heap Usage History (0 events):
No events

Metaspace Usage History (0 events):
No events

Dll operation events (4 events):
Event: 0.006 Loaded shared library C:\Users\asus\.jdks\openjdk-25.0.1\bin\java.dll
Event: 0.070 Loaded shared library C:\Users\asus\.jdks\openjdk-25.0.1\bin\net.dll
Event: 0.071 Loaded shared library C:\Users\asus\.jdks\openjdk-25.0.1\bin\nio.dll
Event: 0.081 Loaded shared library C:\Users\asus\.jdks\openjdk-25.0.1\bin\zip.dll

Deoptimization events (4 events):
Event: 0.147 Thread 0x0000028e4caba4a0 Uncommon trap: trap_request=0xffffff45 fr.pc=0x0000028e5f3555f4 relative=0x0000000000000274
Event: 0.147 Thread 0x0000028e4caba4a0 Uncommon trap: reason=unstable_if action=reinterpret pc=0x0000028e5f3555f4 method=jdk.internal.util.ArraysSupport.hashCodeOfUnsigned([BIII)I @ 1 c2
Event: 0.147 Thread 0x0000028e4caba4a0 DEOPT PACKING pc=0x0000028e5f3555f4 sp=0x000000f5ff8fdbd0
Event: 0.147 Thread 0x0000028e4caba4a0 DEOPT UNPACKING pc=0x0000028e5ed2cd82 sp=0x000000f5ff8fda90 mode 2

Classes loaded (20 events):
Event: 0.146 Loading class java/lang/invoke/BoundMethodHandle$SpeciesData done
Event: 0.146 Loading class java/lang/invoke/BoundMethodHandle$Specializer$Factory
Event: 0.146 Loading class java/lang/invoke/ClassSpecializer$Factory
Event: 0.146 Loading class java/lang/invoke/ClassSpecializer$Factory done
Event: 0.146 Loading class java/lang/invoke/BoundMethodHandle$Specializer$Factory done
Event: 0.147 Loading class java/lang/invoke/SimpleMethodHandle
Event: 0.147 Loading class java/lang/invoke/SimpleMethodHandle done
Event: 0.147 Loading class java/lang/NoSuchFieldException
Event: 0.147 Loading class java/lang/NoSuchFieldException done
Event: 0.147 Loading class java/lang/invoke/BoundMethodHandle$Species_L
Event: 0.147 Loading class java/lang/invoke/BoundMethodHandle$Species_L done
Event: 0.148 Loading class java/lang/invoke/DirectMethodHandle$2
Event: 0.148 Loading class java/lang/invoke/DirectMethodHandle$2 done
Event: 0.148 Loading class java/lang/invoke/DirectMethodHandle$Accessor
Event: 0.148 Loading class java/lang/invoke/DirectMethodHandle$Accessor done
Event: 0.148 Loading class java/util/Arrays$LegacyMergeSort
Event: 0.148 Loading class java/util/Arrays$LegacyMergeSort done
Event: 0.148 Loading class java/util/TimSort
Event: 0.148 Loading class java/util/TimSort done
Event: 0.149 Loading class java/util/TreeMap$KeySet

Classes unloaded (0 events):
No events

Classes redefined (0 events):
No events

Internal exceptions (0 events):
No events

VM Operations (2 events):
Event: 0.084 Executing non-safepoint VM operation: HandshakeAllThreads (Deoptimize)
Event: 0.084 Executing non-safepoint VM operation: HandshakeAllThreads (Deoptimize) done

Memory protections (0 events):
No events

Nmethod flushes (0 events):
No events

Events (12 events):
Event: 0.012 Thread 0x0000028e4caba4a0 Thread added: 0x0000028e4caba4a0
Event: 0.036 Thread 0x0000028e4caba4a0 Thread added: 0x0000028e6e5adba0
Event: 0.036 Thread 0x0000028e4caba4a0 Thread added: 0x0000028e6e5ae360
Event: 0.037 Thread 0x0000028e4caba4a0 Thread added: 0x0000028e6e5ba6e0
Event: 0.037 Thread 0x0000028e4caba4a0 Thread added: 0x0000028e6e5baea0
Event: 0.037 Thread 0x0000028e4caba4a0 Thread added: 0x0000028e6e5b6c60
Event: 0.037 Thread 0x0000028e4caba4a0 Thread added: 0x0000028e6e5bda70
Event: 0.037 Thread 0x0000028e4caba4a0 Thread added: 0x0000028e730160b0
Event: 0.037 Thread 0x0000028e4caba4a0 Thread added: 0x0000028e73020e40
Event: 0.038 Thread 0x0000028e73020e40 Thread added: 0x0000028e73021650
Event: 0.054 Thread 0x0000028e4caba4a0 Thread added: 0x0000028e731ec5a0
Event: 0.060 Thread 0x0000028e4caba4a0 Thread added: 0x0000028e73217ff0


Dynamic libraries:
0x00007ff6e8920000 - 0x00007ff6e892e000 	C:\Users\asus\.jdks\openjdk-25.0.1\bin\java.exe
0x00007ffeebf40000 - 0x00007ffeec1a7000 	C:\Windows\SYSTEM32\ntdll.dll
0x00007ffeea490000 - 0x00007ffeea559000 	C:\Windows\System32\KERNEL32.DLL
0x00007ffee8ae0000 - 0x00007ffee8ed4000 	C:\Windows\System32\KERNELBASE.dll
0x00007ffee8990000 - 0x00007ffee8adb000 	C:\Windows\System32\ucrtbase.dll
0x00007ffee6680000 - 0x00007ffee6697000 	C:\Users\asus\.jdks\openjdk-25.0.1\bin\jli.dll
0x00007ffee65a0000 - 0x00007ffee65be000 	C:\Users\asus\.jdks\openjdk-25.0.1\bin\VCRUNTIME140.dll
0x00007ffee9cd0000 - 0x00007ffee9e95000 	C:\Windows\System32\USER32.dll
0x00007ffed4d00000 - 0x00007ffed4f93000 	C:\Windows\WinSxS\amd64_microsoft.windows.common-controls_6595b64144ccf1df_6.0.26100.8115_none_3e075c82e3354f9c\COMCTL32.dll
0x00007ffee9270000 - 0x00007ffee9297000 	C:\Windows\System32\win32u.dll
0x00007ffee9eb0000 - 0x00007ffee9f59000 	C:\Windows\System32\msvcrt.dll
0x00007ffeeb360000 - 0x00007ffeeb38b000 	C:\Windows\System32\GDI32.dll
0x00007ffee9ba0000 - 0x00007ffee9ccb000 	C:\Windows\System32\gdi32full.dll
0x00007ffee91c0000 - 0x00007ffee9263000 	C:\Windows\System32\msvcp_win.dll
0x00007ffeeb320000 - 0x00007ffeeb352000 	C:\Windows\System32\IMM32.DLL
0x00007ffee6720000 - 0x00007ffee672c000 	C:\Users\asus\.jdks\openjdk-25.0.1\bin\vcruntime140_1.dll
0x00007ffed9450000 - 0x00007ffed94dd000 	C:\Users\asus\.jdks\openjdk-25.0.1\bin\msvcp140.dll
0x00007ffe86130000 - 0x00007ffe86f8f000 	C:\Users\asus\.jdks\openjdk-25.0.1\bin\server\jvm.dll
0x00007ffeea270000 - 0x00007ffeea326000 	C:\Windows\System32\ADVAPI32.dll
0x00007ffeea140000 - 0x00007ffeea1e7000 	C:\Windows\System32\sechost.dll
0x00007ffeeac90000 - 0x00007ffeeada8000 	C:\Windows\System32\RPCRT4.dll
0x00007ffeeac00000 - 0x00007ffeeac80000 	C:\Windows\System32\WS2_32.dll
0x00007ffee8670000 - 0x00007ffee86ce000 	C:\Windows\SYSTEM32\POWRPROF.dll
0x00007ffee1830000 - 0x00007ffee183b000 	C:\Windows\SYSTEM32\VERSION.dll
0x00007ffee17f0000 - 0x00007ffee1826000 	C:\Windows\SYSTEM32\WINMM.dll
0x00007ffee8650000 - 0x00007ffee8664000 	C:\Windows\SYSTEM32\UMPDC.dll
0x00007ffee75a0000 - 0x00007ffee75bb000 	C:\Windows\SYSTEM32\kernel.appcore.dll
0x00007ffee6590000 - 0x00007ffee659a000 	C:\Users\asus\.jdks\openjdk-25.0.1\bin\jimage.dll
0x00007ffee6110000 - 0x00007ffee6352000 	C:\Windows\SYSTEM32\DBGHELP.DLL
0x00007ffeea870000 - 0x00007ffeeabf2000 	C:\Windows\System32\combase.dll
0x00007ffeea060000 - 0x00007ffeea138000 	C:\Windows\System32\OLEAUT32.dll
0x00007ffec9300000 - 0x00007ffec933b000 	C:\Windows\SYSTEM32\dbgcore.DLL
0x00007ffee8ee0000 - 0x00007ffee8f85000 	C:\Windows\System32\bcryptPrimitives.dll
0x00007ffedd4a0000 - 0x00007ffedd4bf000 	C:\Users\asus\.jdks\openjdk-25.0.1\bin\java.dll
0x00007ffeeb4d0000 - 0x00007ffeeb667000 	C:\Windows\System32\ole32.dll
0x00007ffeeb680000 - 0x00007ffeebde7000 	C:\Windows\System32\SHELL32.dll
0x00007ffee8f90000 - 0x00007ffee90fa000 	C:\Windows\System32\wintypes.dll
0x00007ffee9330000 - 0x00007ffee9b98000 	C:\Windows\System32\windows.storage.dll
0x00007ffee9f60000 - 0x00007ffeea058000 	C:\Windows\System32\SHCORE.dll
0x00007ffeea1f0000 - 0x00007ffeea256000 	C:\Windows\System32\shlwapi.dll
0x00007ffee8730000 - 0x00007ffee8759000 	C:\Windows\SYSTEM32\profapi.dll
0x00007ffedd450000 - 0x00007ffedd462000 	C:\Users\asus\.jdks\openjdk-25.0.1\bin\net.dll
0x00007ffee7b10000 - 0x00007ffee7b7c000 	C:\Windows\system32\mswsock.dll
0x00007ffedd1a0000 - 0x00007ffedd1b6000 	C:\Users\asus\.jdks\openjdk-25.0.1\bin\nio.dll
0x00007ffedd100000 - 0x00007ffedd117000 	C:\Users\asus\.jdks\openjdk-25.0.1\bin\zip.dll

JVMTI agents: none

dbghelp: loaded successfully - version: 4.0.5 - missing functions: none
symbol engine: initialized successfully - sym options: 0x614 - pdb path: .;C:\Users\asus\.jdks\openjdk-25.0.1\bin;C:\Windows\SYSTEM32;C:\Windows\WinSxS\amd64_microsoft.windows.common-controls_6595b64144ccf1df_6.0.26100.8115_none_3e075c82e3354f9c;C:\Users\asus\.jdks\openjdk-25.0.1\bin\server

VM Arguments:
jvm_args: --enable-native-access=ALL-UNNAMED -Dclassworlds.conf=C:\Users\asus\.m2\wrapper\dists\apache-maven-3.9.14\ed7edd442f634ac1c1ef5ba2b61b6d690b5221091f1a8e1123f5fadcc967520d\bin\m2.conf -Dmaven.home=C:\Users\asus\.m2\wrapper\dists\apache-maven-3.9.14\ed7edd442f634ac1c1ef5ba2b61b6d690b5221091f1a8e1123f5fadcc967520d -Dlibrary.jansi.path=C:\Users\asus\.m2\wrapper\dists\apache-maven-3.9.14\ed7edd442f634ac1c1ef5ba2b61b6d690b5221091f1a8e1123f5fadcc967520d\lib\jansi-native -Dmaven.multiModuleProjectDirectory=O:\IntelliJ IDEA 2026.1\c2 
java_command: org.codehaus.plexus.classworlds.launcher.Launcher package -DskipTests
java_class_path (initial): C:\Users\asus\.m2\wrapper\dists\apache-maven-3.9.14\ed7edd442f634ac1c1ef5ba2b61b6d690b5221091f1a8e1123f5fadcc967520d\boot\plexus-classworlds-2.9.0.jar
Launcher Type: SUN_STANDARD

[Global flags]
     intx CICompilerCount                          = 12                                        {product} {ergonomic}
     uint ConcGCThreads                            = 3                                         {product} {ergonomic}
     uint G1ConcRefinementThreads                  = 13                                        {product} {ergonomic}
   size_t G1HeapRegionSize                         = 2097152                                   {product} {ergonomic}
   size_t InitialHeapSize                          = 260046848                                 {product} {ergonomic}
   size_t MarkStackSize                            = 4194304                                   {product} {ergonomic}
   size_t MarkStackSizeMax                         = 536870912                                 {product} {ergonomic}
   size_t MaxHeapSize                              = 4135583744                                {product} {ergonomic}
   size_t MaxNewSize                               = 2480930816                                {product} {ergonomic}
   size_t MinHeapDeltaBytes                        = 2097152                                   {product} {ergonomic}
   size_t MinHeapSize                              = 8388608                                   {product} {ergonomic}
    uintx NonNMethodCodeHeapSize                   = 7602176                                {pd product} {ergonomic}
    uintx NonProfiledCodeHeapSize                  = 122093568                              {pd product} {ergonomic}
    uintx ProfiledCodeHeapSize                     = 121962496                              {pd product} {ergonomic}
    uintx ReservedCodeCacheSize                    = 251658240                              {pd product} {ergonomic}
     bool SegmentedCodeCache                       = true                                      {product} {ergonomic}
   size_t SoftMaxHeapSize                          = 4135583744                             {manageable} {ergonomic}
     bool UseCompressedOops                        = true                           {product lp64_product} {ergonomic}
     bool UseG1GC                                  = true                                      {product} {ergonomic}
     bool UseLargePagesIndividualAllocation        = false                                  {pd product} {ergonomic}

Logging:
Log output configuration:
 #0: stdout all=warning uptime,level,tags foldmultilines=false
 #1: stderr all=off uptime,level,tags foldmultilines=false

Release file:
<release file has not been read>
Environment Variables:
JAVA_HOME=C:\Users\asus\.jdks\openjdk-25.0.1
PATH=C:\Program Files\Microsoft SDKs\Azure\CLI2\wbin;C:\Windows\system32;C:\Windows;C:\Windows\System32\Wbem;C:\Windows\System32\WindowsPowerShell\v1.0\;C:\Windows\System32\OpenSSH\;C:\ProgramData\chocolatey\bin;N:\Git\cmd;C:\Program Files\Docker\Docker\resources\bin;C:\Program Files\Microsoft SQL Server\170\Tools\Binn\;C:\Program Files\Microsoft SQL Server\Client SDK\ODBC\170\Tools\Binn\;C:\Program Files\dotnet\;C:\Users\asus\.jdks\openjdk-25.0.1\bin;C:\Users\asus\AppData\Local\Microsoft\WindowsApps;C:\Users\asus\AppData\Local\Programs\Microsoft VS Code\bin;C:\Users\asus\.dotnet\tools;O:\Antigravity\bin
USERNAME=asus
OS=Windows_NT
PROCESSOR_IDENTIFIER=AMD64 Family 25 Model 80 Stepping 0, AuthenticAMD
TMP=C:\Users\asus\AppData\Local\Temp
TEMP=C:\Users\asus\AppData\Local\Temp




Compilation memory statistics disabled.

Periodic native trim disabled

---------------  S Y S T E M  ---------------

OS:
 Windows 11 , 64 bit Build 26100 (10.0.26100.8246)
OS uptime: 0 days 8:33 hours
Hyper-V role detected

CPU: total 16 (initial active 16) (16 cores per cpu, 2 threads per core) family 25 model 80 stepping 0 microcode 0xa50000d, cx8, cmov, fxsr, ht, mmx, 3dnowpref, sse, sse2, sse3, ssse3, sse4a, sse4.1, sse4.2, popcnt, lzcnt, tsc, tscinvbit, avx, avx2, aes, erms, clmul, bmi1, bmi2, adx, sha, fma, vzeroupper, clflush, clflushopt, clwb, hv, rdtscp, rdpid, fsrm, f16c, cet_ss
Processor Information for processor 0
  Max Mhz: 3201, Current Mhz: 2555, Mhz Limit: 3201
Processor Information for processor 1
  Max Mhz: 3201, Current Mhz: 2555, Mhz Limit: 3201
Processor Information for processor 2
  Max Mhz: 3201, Current Mhz: 2555, Mhz Limit: 3201
Processor Information for processor 3
  Max Mhz: 3201, Current Mhz: 2555, Mhz Limit: 3201
Processor Information for processor 4
  Max Mhz: 3201, Current Mhz: 3201, Mhz Limit: 3201
Processor Information for processor 5
  Max Mhz: 3201, Current Mhz: 2555, Mhz Limit: 3201
Processor Information for processor 6
  Max Mhz: 3201, Current Mhz: 2555, Mhz Limit: 3201
Processor Information for processor 7
  Max Mhz: 3201, Current Mhz: 3201, Mhz Limit: 3201
Processor Information for processor 8
  Max Mhz: 3201, Current Mhz: 3201, Mhz Limit: 3201
Processor Information for processor 9
  Max Mhz: 3201, Current Mhz: 2555, Mhz Limit: 3201
Processor Information for processor 10
  Max Mhz: 3201, Current Mhz: 2555, Mhz Limit: 3201
Processor Information for processor 11
  Max Mhz: 3201, Current Mhz: 2555, Mhz Limit: 3201
Processor Information for processor 12
  Max Mhz: 3201, Current Mhz: 3201, Mhz Limit: 3201
Processor Information for processor 13
  Max Mhz: 3201, Current Mhz: 2555, Mhz Limit: 3201
Processor Information for processor 14
  Max Mhz: 3201, Current Mhz: 3201, Mhz Limit: 3201
Processor Information for processor 15
  Max Mhz: 3201, Current Mhz: 2555, Mhz Limit: 3201

Memory: 4k page, system-wide physical 15773M (2982M free)
TotalPageFile size 25115M (AvailPageFile size 1M)
current process WorkingSet (physical memory assigned to process): 36M, peak: 36M
current process commit charge ("private bytes"): 338M, peak: 338M

vm_info: OpenJDK 64-Bit Server VM (25.0.1+8-27) for windows-amd64 JRE (25.0.1+8-27), built on 2025-09-25T16:41:16Z with unknown MS VC++:1943

END.
