#
# There is insufficient memory for the Java Runtime Environment to continue.
# Native memory allocation (malloc) failed to allocate 300336 bytes. Error detail: Chunk::new
# Possible reasons:
#   The system is out of physical RAM or swap space
#   This process is running with CompressedOops enabled, and the Java Heap may be blocking the growth of the native heap
# Possible solutions:
#   Reduce memory load on the system
#   Increase physical memory or swap space
#   Check if swap backing store is full
#   Decrease Java heap size (-Xmx/-Xms)
#   Decrease number of Java threads
#   Decrease Java thread stack sizes (-Xss)
#   Set larger code cache with -XX:ReservedCodeCacheSize=
#   JVM is running with Unscaled Compressed Oops mode in which the Java heap is
#     placed in the first 4GB address space. The Java Heap base address is the
#     maximum limit for the native heap growth. Please use -XX:HeapBaseMinAddress
#     to set the Java Heap base and to place the Java Heap above 4GB virtual address.
# This output file may be truncated or incomplete.
#
#  Out of Memory Error (arena.cpp:168), pid=6308, tid=3796
#
# JRE version: OpenJDK Runtime Environment Temurin-21.0.10+7 (21.0.10+7) (build 21.0.10+7-LTS)
# Java VM: OpenJDK 64-Bit Server VM Temurin-21.0.10+7 (21.0.10+7-LTS, mixed mode, sharing, tiered, compressed oops, compressed class ptrs, parallel gc, windows-amd64)
# No core dump will be written. Minidumps are not enabled by default on client versions of Windows
#

---------------  S U M M A R Y ------------

Command Line: --add-modules=ALL-SYSTEM --add-opens=java.base/java.util=ALL-UNNAMED --add-opens=java.base/java.lang=ALL-UNNAMED --add-opens=java.base/sun.nio.fs=ALL-UNNAMED -Declipse.application=org.eclipse.jdt.ls.core.id1 -Dosgi.bundles.defaultStartLevel=4 -Declipse.product=org.eclipse.jdt.ls.core.product -Djava.import.generatesMetadataFilesAtProjectRoot=false -DDetectVMInstallationsJob.disabled=true -Dfile.encoding=utf8 -XX:+UseParallelGC -XX:GCTimeRatio=4 -XX:AdaptiveSizePolicyWeight=90 -Dsun.zip.disableMemoryMapping=true -Xmx2G -Xms100m -Xlog:disable -javaagent:c:\Users\asus\.antigravity\extensions\redhat.java-1.54.0-win32-x64\lombok\lombok-1.18.39-4050.jar -XX:+HeapDumpOnOutOfMemoryError -XX:HeapDumpPath=c:\Users\asus\AppData\Roaming\Antigravity\User\workspaceStorage\9d5f320f473164d03cbe57bea31abb4e\redhat.java -Daether.dependencyCollector.impl=bf c:\Users\asus\.antigravity\extensions\redhat.java-1.54.0-win32-x64\server\plugins\org.eclipse.equinox.launcher_1.7.100.v20251111-0406.jar -configuration c:\Users\asus\AppData\Roaming\Antigravity\User\globalStorage\redhat.java\1.54.0\config_win -data c:\Users\asus\AppData\Roaming\Antigravity\User\workspaceStorage\9d5f320f473164d03cbe57bea31abb4e\redhat.java\jdt_ws --pipe=\\.\pipe\lsp-ab58b9090f3922b370d26770ce51b3c9-sock

Host: AMD Ryzen 7 5800H with Radeon Graphics         , 16 cores, 15G,  Windows 11 , 64 bit Build 26100 (10.0.26100.8328)
Time: Tue May 19 14:07:45 2026 India Standard Time elapsed time: 1.945460 seconds (0d 0h 0m 1s)

---------------  T H R E A D  ---------------

Current thread (0x000001cf6334dc80):  JavaThread "C2 CompilerThread0" daemon [_thread_in_native, id=3796, stack(0x000000a1e9400000,0x000000a1e9500000) (1024K)]


Current CompileTask:
C2:1945 1904       4       java.io.WinNTFileSystem::normalize (224 bytes)

Stack: [0x000000a1e9400000,0x000000a1e9500000]
Native frames: (J=compiled Java code, j=interpreted, Vv=VM code, C=native code)
V  [jvm.dll+0x6d7a39]
V  [jvm.dll+0x8b4b26]
V  [jvm.dll+0x8b70de]
V  [jvm.dll+0x8b77c3]
V  [jvm.dll+0x284346]
V  [jvm.dll+0xc66ed]
V  [jvm.dll+0xc6c31]
V  [jvm.dll+0x3bec01]
V  [jvm.dll+0x38b162]
V  [jvm.dll+0x38a5aa]
V  [jvm.dll+0x24c560]
V  [jvm.dll+0x24bb40]
V  [jvm.dll+0x1cb34e]
V  [jvm.dll+0x25b85d]
V  [jvm.dll+0x259dea]
V  [jvm.dll+0x3f857e]
V  [jvm.dll+0x85f59d]
V  [jvm.dll+0x6d626d]
C  [ucrtbase.dll+0x37b0]
C  [KERNEL32.DLL+0x2e957]
C  [ntdll.dll+0x427c]


---------------  P R O C E S S  ---------------

Threads class SMR info:
_java_thread_list=0x000001cf692312c0, length=15, elements={
0x000001cf4b3aabb0, 0x000001cf63333f70, 0x000001cf63337a70, 0x000001cf6333e840,
0x000001cf63341660, 0x000001cf63342e80, 0x000001cf63346dc0, 0x000001cf6334dc80,
0x000001cf63351630, 0x000001cf63413230, 0x000001cf63617f80, 0x000001cf6353a530,
0x000001cf635b8070, 0x000001cf63618610, 0x000001cf6361a050
}

Java Threads: ( => current thread )
  0x000001cf4b3aabb0 JavaThread "main"                              [_thread_in_native, id=14588, stack(0x000000a1e8a00000,0x000000a1e8b00000) (1024K)]
  0x000001cf63333f70 JavaThread "Reference Handler"          daemon [_thread_blocked, id=2952, stack(0x000000a1e8e00000,0x000000a1e8f00000) (1024K)]
  0x000001cf63337a70 JavaThread "Finalizer"                  daemon [_thread_blocked, id=12508, stack(0x000000a1e8f00000,0x000000a1e9000000) (1024K)]
  0x000001cf6333e840 JavaThread "Signal Dispatcher"          daemon [_thread_blocked, id=276, stack(0x000000a1e9000000,0x000000a1e9100000) (1024K)]
  0x000001cf63341660 JavaThread "Attach Listener"            daemon [_thread_blocked, id=19876, stack(0x000000a1e9100000,0x000000a1e9200000) (1024K)]
  0x000001cf63342e80 JavaThread "Service Thread"             daemon [_thread_blocked, id=13000, stack(0x000000a1e9200000,0x000000a1e9300000) (1024K)]
  0x000001cf63346dc0 JavaThread "Monitor Deflation Thread"   daemon [_thread_blocked, id=5552, stack(0x000000a1e9300000,0x000000a1e9400000) (1024K)]
=>0x000001cf6334dc80 JavaThread "C2 CompilerThread0"         daemon [_thread_in_native, id=3796, stack(0x000000a1e9400000,0x000000a1e9500000) (1024K)]
  0x000001cf63351630 JavaThread "C1 CompilerThread0"         daemon [_thread_blocked, id=3260, stack(0x000000a1e9500000,0x000000a1e9600000) (1024K)]
  0x000001cf63413230 JavaThread "C1 CompilerThread1"         daemon [_thread_blocked, id=17944, stack(0x000000a1e9600000,0x000000a1e9700000) (1024K)]
  0x000001cf63617f80 JavaThread "Common-Cleaner"             daemon [_thread_blocked, id=21732, stack(0x000000a1e9800000,0x000000a1e9900000) (1024K)]
  0x000001cf6353a530 JavaThread "C1 CompilerThread2"         daemon [_thread_blocked, id=18372, stack(0x000000a1e9900000,0x000000a1e9a00000) (1024K)]
  0x000001cf635b8070 JavaThread "C1 CompilerThread3"         daemon [_thread_blocked, id=11728, stack(0x000000a1e9a00000,0x000000a1e9b00000) (1024K)]
  0x000001cf63618610 JavaThread "Notification Thread"        daemon [_thread_blocked, id=18640, stack(0x000000a1e9b00000,0x000000a1e9c00000) (1024K)]
  0x000001cf6361a050 JavaThread "Active Thread: Equinox Container: c3afc5c5-aca8-4e30-a85e-67460ddbd9f0"        [_thread_blocked, id=21952, stack(0x000000a1ea500000,0x000000a1ea600000) (1024K)]
Total: 15

Other Threads:
  0x000001cf4b3448e0 VMThread "VM Thread"                           [id=19556, stack(0x000000a1e8d00000,0x000000a1e8e00000) (1024K)]
  0x000001cf4b23ca10 WatcherThread "VM Periodic Task Thread"        [id=19320, stack(0x000000a1e8c00000,0x000000a1e8d00000) (1024K)]
  0x000001cf4b3c7f10 WorkerThread "GC Thread#0"                     [id=6820, stack(0x000000a1e8b00000,0x000000a1e8c00000) (1024K)]
  0x000001cf697b6460 WorkerThread "GC Thread#1"                     [id=4492, stack(0x000000a1e9d00000,0x000000a1e9e00000) (1024K)]
  0x000001cf697eb9a0 WorkerThread "GC Thread#2"                     [id=21572, stack(0x000000a1e9e00000,0x000000a1e9f00000) (1024K)]
  0x000001cf697ebd50 WorkerThread "GC Thread#3"                     [id=7228, stack(0x000000a1e9f00000,0x000000a1ea000000) (1024K)]
  0x000001cf695033d0 WorkerThread "GC Thread#4"                     [id=19444, stack(0x000000a1ea000000,0x000000a1ea100000) (1024K)]
  0x000001cf69408fb0 WorkerThread "GC Thread#5"                     [id=20656, stack(0x000000a1ea100000,0x000000a1ea200000) (1024K)]
  0x000001cf69409360 WorkerThread "GC Thread#6"                     [id=22332, stack(0x000000a1ea200000,0x000000a1ea300000) (1024K)]
  0x000001cf69cd2710 WorkerThread "GC Thread#7"                     [id=11708, stack(0x000000a1ea600000,0x000000a1ea700000) (1024K)]
Total: 10

Threads with active compile tasks:
C2 CompilerThread0  1961 1904       4       java.io.WinNTFileSystem::normalize (224 bytes)
Total: 1

VM state: not at safepoint (normal execution)

VM Mutex/Monitor currently owned by a thread: None

Heap address: 0x0000000080000000, size: 2048 MB, Compressed Oops mode: 32-bit

CDS archive(s) mapped at: [0x000001cf00000000-0x000001cf00ba0000-0x000001cf00ba0000), size 12189696, SharedBaseAddress: 0x000001cf00000000, ArchiveRelocationMode: 1.
Compressed class space mapped at: 0x000001cf01000000-0x000001cf41000000, reserved size: 1073741824
Narrow klass base: 0x000001cf00000000, Narrow klass shift: 0, Narrow klass range: 0x100000000

GC Precious Log:
 CardTable entry size: 512
 CPUs: 16 total, 16 available
 Memory: 15773M
 Large Page Support: Disabled
 NUMA Support: Disabled
 Compressed Oops: Enabled (32-bit)
 Alignments: Space 512K, Generation 512K, Heap 2M
 Heap Min Capacity: 100M
 Heap Initial Capacity: 100M
 Heap Max Capacity: 2G
 Pre-touch: Disabled
 Parallel Workers: 13

Heap:
 PSYoungGen      total 29696K, used 5706K [0x00000000d5580000, 0x00000000d7680000, 0x0000000100000000)
  eden space 25600K, 6% used [0x00000000d5580000,0x00000000d57193f8,0x00000000d6e80000)
  from space 4096K, 99% used [0x00000000d7280000,0x00000000d7679800,0x00000000d7680000)
  to   space 4096K, 0% used [0x00000000d6e80000,0x00000000d6e80000,0x00000000d7280000)
 ParOldGen       total 68608K, used 1949K [0x0000000080000000, 0x0000000084300000, 0x00000000d5580000)
  object space 68608K, 2% used [0x0000000080000000,0x00000000801e76b8,0x0000000084300000)
 Metaspace       used 8012K, committed 8320K, reserved 1114112K
  class space    used 829K, committed 960K, reserved 1048576K

Card table byte_map: [0x000001cf4ad50000,0x000001cf4b160000] _byte_map_base: 0x000001cf4a950000

Marking Bits: (ParMarkBitMap*) 0x00007ffd7f343450
 Begin Bits: [0x000001cf5d860000, 0x000001cf5f860000)
 End Bits:   [0x000001cf5f860000, 0x000001cf61860000)

Polling page: 0x000001cf491a0000

Metaspace:

Usage:
  Non-class:      7.01 MB used.
      Class:    829.74 KB used.
       Both:      7.83 MB used.

Virtual space:
  Non-class space:       64.00 MB reserved,       7.19 MB ( 11%) committed,  1 nodes.
      Class space:        1.00 GB reserved,     960.00 KB ( <1%) committed,  1 nodes.
             Both:        1.06 GB reserved,       8.12 MB ( <1%) committed. 

Chunk freelists:
   Non-Class:  8.80 MB
       Class:  14.91 MB
        Both:  23.70 MB

MaxMetaspaceSize: unlimited
CompressedClassSpaceSize: 1.00 GB
Initial GC threshold: 21.00 MB
Current GC threshold: 21.00 MB
CDS: on
 - commit_granule_bytes: 65536.
 - commit_granule_words: 8192.
 - virtual_space_node_default_size: 8388608.
 - enlarge_chunks_in_place: 1.
 - use_allocation_guard: 0.


Internal statistics:

num_allocs_failed_limit: 0.
num_arena_births: 228.
num_arena_deaths: 0.
num_vsnodes_births: 2.
num_vsnodes_deaths: 0.
num_space_committed: 130.
num_space_uncommitted: 0.
num_chunks_returned_to_freelist: 0.
num_chunks_taken_from_freelist: 421.
num_chunk_merges: 0.
num_chunk_splits: 272.
num_chunks_enlarged: 179.
num_inconsistent_stats: 0.

CodeHeap 'non-profiled nmethods': size=119168Kb used=798Kb max_used=798Kb free=118369Kb
 bounds [0x000001cf56150000, 0x000001cf563c0000, 0x000001cf5d5b0000]
CodeHeap 'profiled nmethods': size=119104Kb used=3460Kb max_used=3460Kb free=115644Kb
 bounds [0x000001cf4e5b0000, 0x000001cf4e920000, 0x000001cf55a00000]
CodeHeap 'non-nmethods': size=7488Kb used=2907Kb max_used=2932Kb free=4581Kb
 bounds [0x000001cf55a00000, 0x000001cf55ce0000, 0x000001cf56150000]
CodeCache: size=245760Kb, used=7165Kb, max_used=7190Kb, free=238594Kb
 total_blobs=2392, nmethods=1906, adapters=390, full_count=0
Compilation: enabled, stopped_count=0, restarted_count=0

Compilation events (20 events):
Event: 1.476 Thread 0x000001cf634a0a30 nmethod 1896 0x000001cf56217190 code [0x000001cf56217320, 0x000001cf562174b0]
Event: 1.666 Thread 0x000001cf6353a530 1899       3       java.net.URL::isValidProtocol (78 bytes)
Event: 1.667 Thread 0x000001cf63413230 1900       1       sun.nio.fs.NativeBuffer::address (5 bytes)
Event: 1.667 Thread 0x000001cf63413230 nmethod 1900 0x000001cf56217590 code [0x000001cf56217720, 0x000001cf562177e8]
Event: 1.667 Thread 0x000001cf6353a530 nmethod 1899 0x000001cf4e90c010 code [0x000001cf4e90c320, 0x000001cf4e90d558]
Event: 1.841 Thread 0x000001cf635b8070 1901       3       java.net.URL::toExternalForm (9 bytes)
Event: 1.841 Thread 0x000001cf635b8070 nmethod 1901 0x000001cf4e90dc90 code [0x000001cf4e90de40, 0x000001cf4e90e020]
Event: 1.881 Thread 0x000001cf6353a530 1902       3       sun.nio.fs.WindowsPathParser::nextNonSlash (24 bytes)
Event: 1.882 Thread 0x000001cf6353a530 nmethod 1902 0x000001cf4e90e110 code [0x000001cf4e90e320, 0x000001cf4e90ea28]
Event: 1.900 Thread 0x000001cf635b8070 1903       3       java.lang.ThreadLocal$ThreadLocalMap::getEntry (42 bytes)
Event: 1.900 Thread 0x000001cf635b8070 nmethod 1903 0x000001cf4e90ed90 code [0x000001cf4e90ef60, 0x000001cf4e90f320]
Event: 1.926 Thread 0x000001cf6334dc80 1904       4       java.io.WinNTFileSystem::normalize (224 bytes)
Event: 1.931 Thread 0x000001cf635b8070 1906       3       java.io.File::isAbsolute (8 bytes)
Event: 1.931 Thread 0x000001cf63413230 1907       3       java.io.WinNTFileSystem::isAbsolute (36 bytes)
Event: 1.932 Thread 0x000001cf635b8070 nmethod 1906 0x000001cf4e90f510 code [0x000001cf4e90f6c0, 0x000001cf4e90f810]
Event: 1.932 Thread 0x000001cf63413230 nmethod 1907 0x000001cf4e90f890 code [0x000001cf4e90faa0, 0x000001cf4e910130]
Event: 1.932 Thread 0x000001cf63351630 1908       3       org.eclipse.osgi.framework.util.SecureAction::getProperty (31 bytes)
Event: 1.933 Thread 0x000001cf63351630 nmethod 1908 0x000001cf4e910410 code [0x000001cf4e910600, 0x000001cf4e910a58]
Event: 1.933 Thread 0x000001cf6353a530 1909       3       java.lang.StringBuilder::append (10 bytes)
Event: 1.933 Thread 0x000001cf6353a530 nmethod 1909 0x000001cf4e910c10 code [0x000001cf4e910dc0, 0x000001cf4e910f10]

GC Heap History (4 events):
Event: 0.751 GC heap before
{Heap before GC invocations=1 (full 0):
 PSYoungGen      total 29696K, used 25600K [0x00000000d5580000, 0x00000000d7680000, 0x0000000100000000)
  eden space 25600K, 100% used [0x00000000d5580000,0x00000000d6e80000,0x00000000d6e80000)
  from space 4096K, 0% used [0x00000000d7280000,0x00000000d7280000,0x00000000d7680000)
  to   space 4096K, 0% used [0x00000000d6e80000,0x00000000d6e80000,0x00000000d7280000)
 ParOldGen       total 68608K, used 0K [0x0000000080000000, 0x0000000084300000, 0x00000000d5580000)
  object space 68608K, 0% used [0x0000000080000000,0x0000000080000000,0x0000000084300000)
 Metaspace       used 4156K, committed 4416K, reserved 1114112K
  class space    used 453K, committed 576K, reserved 1048576K
}
Event: 0.757 GC heap after
{Heap after GC invocations=1 (full 0):
 PSYoungGen      total 29696K, used 3659K [0x00000000d5580000, 0x00000000d7680000, 0x0000000100000000)
  eden space 25600K, 0% used [0x00000000d5580000,0x00000000d5580000,0x00000000d6e80000)
  from space 4096K, 89% used [0x00000000d6e80000,0x00000000d7212ff0,0x00000000d7280000)
  to   space 4096K, 0% used [0x00000000d7280000,0x00000000d7280000,0x00000000d7680000)
 ParOldGen       total 68608K, used 16K [0x0000000080000000, 0x0000000084300000, 0x00000000d5580000)
  object space 68608K, 0% used [0x0000000080000000,0x0000000080004000,0x0000000084300000)
 Metaspace       used 4156K, committed 4416K, reserved 1114112K
  class space    used 453K, committed 576K, reserved 1048576K
}
Event: 1.398 GC heap before
{Heap before GC invocations=2 (full 0):
 PSYoungGen      total 29696K, used 29259K [0x00000000d5580000, 0x00000000d7680000, 0x0000000100000000)
  eden space 25600K, 100% used [0x00000000d5580000,0x00000000d6e80000,0x00000000d6e80000)
  from space 4096K, 89% used [0x00000000d6e80000,0x00000000d7212ff0,0x00000000d7280000)
  to   space 4096K, 0% used [0x00000000d7280000,0x00000000d7280000,0x00000000d7680000)
 ParOldGen       total 68608K, used 16K [0x0000000080000000, 0x0000000084300000, 0x00000000d5580000)
  object space 68608K, 0% used [0x0000000080000000,0x0000000080004000,0x0000000084300000)
 Metaspace       used 7817K, committed 8192K, reserved 1114112K
  class space    used 807K, committed 960K, reserved 1048576K
}
Event: 1.409 GC heap after
{Heap after GC invocations=2 (full 0):
 PSYoungGen      total 29696K, used 4070K [0x00000000d5580000, 0x00000000d7680000, 0x0000000100000000)
  eden space 25600K, 0% used [0x00000000d5580000,0x00000000d5580000,0x00000000d6e80000)
  from space 4096K, 99% used [0x00000000d7280000,0x00000000d7679800,0x00000000d7680000)
  to   space 4096K, 0% used [0x00000000d6e80000,0x00000000d6e80000,0x00000000d7280000)
 ParOldGen       total 68608K, used 1949K [0x0000000080000000, 0x0000000084300000, 0x00000000d5580000)
  object space 68608K, 2% used [0x0000000080000000,0x00000000801e76b8,0x0000000084300000)
 Metaspace       used 7817K, committed 8192K, reserved 1114112K
  class space    used 807K, committed 960K, reserved 1048576K
}

Dll operation events (8 events):
Event: 0.011 Loaded shared library c:\Users\asus\.antigravity\extensions\redhat.java-1.54.0-win32-x64\jre\21.0.10-win32-x86_64\bin\java.dll
Event: 0.073 Loaded shared library c:\Users\asus\.antigravity\extensions\redhat.java-1.54.0-win32-x64\jre\21.0.10-win32-x86_64\bin\zip.dll
Event: 0.093 Loaded shared library C:\Users\asus\.antigravity\extensions\redhat.java-1.54.0-win32-x64\jre\21.0.10-win32-x86_64\bin\instrument.dll
Event: 0.098 Loaded shared library C:\Users\asus\.antigravity\extensions\redhat.java-1.54.0-win32-x64\jre\21.0.10-win32-x86_64\bin\net.dll
Event: 0.101 Loaded shared library C:\Users\asus\.antigravity\extensions\redhat.java-1.54.0-win32-x64\jre\21.0.10-win32-x86_64\bin\nio.dll
Event: 0.104 Loaded shared library C:\Users\asus\.antigravity\extensions\redhat.java-1.54.0-win32-x64\jre\21.0.10-win32-x86_64\bin\zip.dll
Event: 0.124 Loaded shared library C:\Users\asus\.antigravity\extensions\redhat.java-1.54.0-win32-x64\jre\21.0.10-win32-x86_64\bin\jimage.dll
Event: 0.218 Loaded shared library c:\Users\asus\.antigravity\extensions\redhat.java-1.54.0-win32-x64\jre\21.0.10-win32-x86_64\bin\verify.dll

Deoptimization events (20 events):
Event: 1.327 Thread 0x000001cf4b3aabb0 Uncommon trap: trap_request=0xffffffde fr.pc=0x000001cf56196074 relative=0x0000000000000914
Event: 1.327 Thread 0x000001cf4b3aabb0 Uncommon trap: reason=class_check action=maybe_recompile pc=0x000001cf56196074 method=java.util.HashMap.putVal(ILjava/lang/Object;Ljava/lang/Object;ZZ)Ljava/lang/Object; @ 253 c2
Event: 1.327 Thread 0x000001cf4b3aabb0 DEOPT PACKING pc=0x000001cf56196074 sp=0x000000a1e8afdfc0
Event: 1.327 Thread 0x000001cf4b3aabb0 DEOPT UNPACKING pc=0x000001cf55a53aa2 sp=0x000000a1e8afdf80 mode 2
Event: 1.383 Thread 0x000001cf4b3aabb0 Uncommon trap: trap_request=0xffffff45 fr.pc=0x000001cf561fd9dc relative=0x00000000000000bc
Event: 1.383 Thread 0x000001cf4b3aabb0 Uncommon trap: reason=unstable_if action=reinterpret pc=0x000001cf561fd9dc method=java.util.LinkedHashMap.afterNodeAccess(Ljava/util/HashMap$Node;)V @ 19 c2
Event: 1.383 Thread 0x000001cf4b3aabb0 DEOPT PACKING pc=0x000001cf561fd9dc sp=0x000000a1e8afcbf0
Event: 1.383 Thread 0x000001cf4b3aabb0 DEOPT UNPACKING pc=0x000001cf55a53aa2 sp=0x000000a1e8afcb58 mode 2
Event: 1.384 Thread 0x000001cf4b3aabb0 DEOPT PACKING pc=0x000001cf4e6c028b sp=0x000000a1e8afc6c0
Event: 1.384 Thread 0x000001cf4b3aabb0 DEOPT UNPACKING pc=0x000001cf55a54242 sp=0x000000a1e8afbb38 mode 0
Event: 1.385 Thread 0x000001cf4b3aabb0 DEOPT PACKING pc=0x000001cf4e74be08 sp=0x000000a1e8afc2c0
Event: 1.385 Thread 0x000001cf4b3aabb0 DEOPT UNPACKING pc=0x000001cf55a54242 sp=0x000000a1e8afb740 mode 0
Event: 1.387 Thread 0x000001cf4b3aabb0 DEOPT PACKING pc=0x000001cf4e74be08 sp=0x000000a1e8afc5d0
Event: 1.387 Thread 0x000001cf4b3aabb0 DEOPT UNPACKING pc=0x000001cf55a54242 sp=0x000000a1e8afba50 mode 0
Event: 1.388 Thread 0x000001cf4b3aabb0 DEOPT PACKING pc=0x000001cf4e74be08 sp=0x000000a1e8afc520
Event: 1.388 Thread 0x000001cf4b3aabb0 DEOPT UNPACKING pc=0x000001cf55a54242 sp=0x000000a1e8afb9a0 mode 0
Event: 1.389 Thread 0x000001cf4b3aabb0 DEOPT PACKING pc=0x000001cf4e74be08 sp=0x000000a1e8afc820
Event: 1.389 Thread 0x000001cf4b3aabb0 DEOPT UNPACKING pc=0x000001cf55a54242 sp=0x000000a1e8afbca0 mode 0
Event: 1.926 Thread 0x000001cf4b3aabb0 DEOPT PACKING pc=0x000001cf4e7151b9 sp=0x000000a1e8afe710
Event: 1.926 Thread 0x000001cf4b3aabb0 DEOPT UNPACKING pc=0x000001cf55a54242 sp=0x000000a1e8afdc10 mode 0

Classes loaded (20 events):
Event: 1.378 Loading class java/security/KeyStoreException
Event: 1.378 Loading class java/security/KeyStoreException done
Event: 1.419 Loading class java/util/LinkedList$Node
Event: 1.419 Loading class java/util/LinkedList$Node done
Event: 1.419 Loading class java/util/LinkedList$ListItr
Event: 1.419 Loading class java/util/LinkedList$ListItr done
Event: 1.420 Loading class java/lang/Thread$Builder$OfPlatform
Event: 1.420 Loading class java/lang/Thread$Builder
Event: 1.420 Loading class java/lang/Thread$Builder done
Event: 1.420 Loading class java/lang/Thread$Builder$OfPlatform done
Event: 1.420 Loading class java/lang/Thread$Builder$OfVirtual
Event: 1.420 Loading class java/lang/Thread$Builder$OfVirtual done
Event: 1.430 Loading class sun/nio/fs/WindowsChannelFactory
Event: 1.430 Loading class sun/nio/fs/WindowsChannelFactory done
Event: 1.430 Loading class sun/nio/fs/WindowsChannelFactory$1
Event: 1.430 Loading class sun/nio/fs/WindowsChannelFactory$1 done
Event: 1.430 Loading class sun/nio/fs/WindowsChannelFactory$Flags
Event: 1.430 Loading class sun/nio/fs/WindowsChannelFactory$Flags done
Event: 1.431 Loading class sun/nio/ch/FileChannelImpl$Closer
Event: 1.431 Loading class sun/nio/ch/FileChannelImpl$Closer done

Classes unloaded (0 events):
No events

Classes redefined (0 events):
No events

Internal exceptions (20 events):
Event: 0.615 Thread 0x000001cf4b3aabb0 Exception <a 'java/lang/NoSuchMethodError'{0x00000000d678ceb0}: 'java.lang.Object java.lang.invoke.DirectMethodHandle$Holder.invokeInterface(java.lang.Object, java.lang.Object, int)'> (0x00000000d678ceb0) 
thrown [s\src\hotspot\share\interpreter\linkResolver.cpp, line 773]
Event: 0.727 Thread 0x000001cf4b3aabb0 Exception <a 'java/lang/NoSuchMethodError'{0x00000000d6bfacb8}: 'java.lang.ClassLoader java.lang.ClassLoader.getPlatformClassLoader(java.lang.Class)'> (0x00000000d6bfacb8) 
thrown [s\src\hotspot\share\interpreter\linkResolver.cpp, line 773]
Event: 0.788 Thread 0x000001cf4b3aabb0 Exception <a 'java/lang/ClassNotFoundException'{0x00000000d575bd90}: sun/net/www/protocol/c/Handler> (0x00000000d575bd90) 
thrown [s\src\hotspot\share\classfile\systemDictionary.cpp, line 312]
Event: 0.789 Thread 0x000001cf4b3aabb0 Exception <a 'java/lang/ClassNotFoundException'{0x00000000d575d100}: sun/net/www/protocol/o/Handler> (0x00000000d575d100) 
thrown [s\src\hotspot\share\classfile\systemDictionary.cpp, line 312]
Event: 0.789 Thread 0x000001cf4b3aabb0 Exception <a 'java/lang/ClassNotFoundException'{0x00000000d575e298}: sun/net/www/protocol/c/Handler> (0x00000000d575e298) 
thrown [s\src\hotspot\share\classfile\systemDictionary.cpp, line 312]
Event: 0.797 Thread 0x000001cf4b3aabb0 Exception <a 'java/io/FileNotFoundException'{0x00000000d57902b8}> (0x00000000d57902b8) 
thrown [s\src\hotspot\share\prims\jni.cpp, line 520]
Event: 0.837 Thread 0x000001cf4b3aabb0 Implicit null exception at 0x000001cf561adbc9 to 0x000001cf561ae538
Event: 0.837 Thread 0x000001cf4b3aabb0 Implicit null exception at 0x000001cf561bb39a to 0x000001cf561bb5a4
Event: 0.838 Thread 0x000001cf4b3aabb0 Exception <a 'java/lang/NoSuchMethodError'{0x00000000d58c1650}: 'void java.lang.invoke.DirectMethodHandle$Holder.invokeStatic(java.lang.Object, java.lang.Object, java.lang.Object, java.lang.Object)'> (0x00000000d58c1650) 
thrown [s\src\hotspot\share\interpreter\linkResolver.cpp, line 773]
Event: 0.839 Thread 0x000001cf4b3aabb0 Implicit null exception at 0x000001cf561b029a to 0x000001cf561b04a4
Event: 0.840 Thread 0x000001cf4b3aabb0 Implicit null exception at 0x000001cf561b32bd to 0x000001cf561b3341
Event: 0.948 Thread 0x000001cf4b3aabb0 Exception <a 'java/lang/NoSuchMethodError'{0x00000000d5c2da98}: 'void java.lang.invoke.DirectMethodHandle$Holder.invokeSpecial(java.lang.Object, java.lang.Object, java.lang.Object)'> (0x00000000d5c2da98) 
thrown [s\src\hotspot\share\interpreter\linkResolver.cpp, line 773]
Event: 1.167 Thread 0x000001cf4b3aabb0 Exception <a 'java/lang/NoSuchMethodError'{0x00000000d66a3ee0}: 'int java.lang.invoke.DirectMethodHandle$Holder.invokeVirtual(java.lang.Object, java.lang.Object)'> (0x00000000d66a3ee0) 
thrown [s\src\hotspot\share\interpreter\linkResolver.cpp, line 773]
Event: 1.252 Thread 0x000001cf4b3aabb0 Exception <a 'java/lang/NoSuchMethodError'{0x00000000d681c728}: 'int java.lang.invoke.DirectMethodHandle$Holder.invokeStaticInit(java.lang.Object, java.lang.Object, java.lang.Object, java.lang.Object)'> (0x00000000d681c728) 
thrown [s\src\hotspot\share\interpreter\linkResolver.cpp, line 773]
Event: 1.253 Thread 0x000001cf4b3aabb0 Exception <a 'java/lang/IncompatibleClassChangeError'{0x00000000d6824b30}: Found class java.lang.Object, but interface was expected> (0x00000000d6824b30) 
thrown [s\src\hotspot\share\interpreter\linkResolver.cpp, line 840]
Event: 1.254 Thread 0x000001cf4b3aabb0 Exception <a 'java/lang/NoSuchMethodError'{0x00000000d682b0e0}: 'void java.lang.invoke.DirectMethodHandle$Holder.invokeStaticInit(java.lang.Object, java.lang.Object)'> (0x00000000d682b0e0) 
thrown [s\src\hotspot\share\interpreter\linkResolver.cpp, line 773]
Event: 1.255 Thread 0x000001cf4b3aabb0 Exception <a 'java/lang/NoSuchMethodError'{0x00000000d6834458}: 'int java.lang.invoke.DirectMethodHandle$Holder.invokeStaticInit(java.lang.Object, java.lang.Object)'> (0x00000000d6834458) 
thrown [s\src\hotspot\share\interpreter\linkResolver.cpp, line 773]
Event: 1.310 Thread 0x000001cf4b3aabb0 Exception <a 'java/lang/NoSuchMethodError'{0x00000000d6a87258}: 'java.lang.Object java.lang.invoke.DirectMethodHandle$Holder.newInvokeSpecial(java.lang.Object, int, java.lang.Object)'> (0x00000000d6a87258) 
thrown [s\src\hotspot\share\interpreter\linkResolver.cpp, line 773]
Event: 1.352 Thread 0x000001cf4b3aabb0 Exception <a 'java/lang/ClassNotFoundException'{0x00000000d6ca4650}: sun/net/www/protocol/plurl/Handler> (0x00000000d6ca4650) 
thrown [s\src\hotspot\share\classfile\systemDictionary.cpp, line 312]
Event: 1.352 Thread 0x000001cf4b3aabb0 Exception <a 'java/lang/ClassNotFoundException'{0x00000000d6ca54d0}: sun/net/www/protocol/plurl/Handler> (0x00000000d6ca54d0) 
thrown [s\src\hotspot\share\classfile\systemDictionary.cpp, line 312]

ZGC Phase Switch (0 events):
No events

VM Operations (20 events):
Event: 0.480 Executing non-safepoint VM operation: HandshakeAllThreads (Deoptimize)
Event: 0.480 Executing non-safepoint VM operation: HandshakeAllThreads (Deoptimize) done
Event: 0.501 Executing non-safepoint VM operation: HandshakeAllThreads (Deoptimize)
Event: 0.501 Executing non-safepoint VM operation: HandshakeAllThreads (Deoptimize) done
Event: 0.750 Executing safepoint VM operation: ParallelGCFailedAllocation (Allocation Failure)
Event: 0.757 Executing safepoint VM operation: ParallelGCFailedAllocation (Allocation Failure) done
Event: 0.773 Executing non-safepoint VM operation: HandshakeAllThreads (Deoptimize)
Event: 0.773 Executing non-safepoint VM operation: HandshakeAllThreads (Deoptimize) done
Event: 1.285 Executing non-safepoint VM operation: HandshakeAllThreads (Deoptimize)
Event: 1.285 Executing non-safepoint VM operation: HandshakeAllThreads (Deoptimize) done
Event: 1.296 Executing non-safepoint VM operation: HandshakeAllThreads (Deoptimize)
Event: 1.296 Executing non-safepoint VM operation: HandshakeAllThreads (Deoptimize) done
Event: 1.338 Executing non-safepoint VM operation: HandshakeAllThreads (Deoptimize)
Event: 1.338 Executing non-safepoint VM operation: HandshakeAllThreads (Deoptimize) done
Event: 1.348 Executing non-safepoint VM operation: HandshakeAllThreads (Deoptimize)
Event: 1.348 Executing non-safepoint VM operation: HandshakeAllThreads (Deoptimize) done
Event: 1.391 Executing safepoint VM operation: ICBufferFull
Event: 1.391 Executing safepoint VM operation: ICBufferFull done
Event: 1.398 Executing safepoint VM operation: ParallelGCFailedAllocation (Allocation Failure)
Event: 1.409 Executing safepoint VM operation: ParallelGCFailedAllocation (Allocation Failure) done

Memory protections (0 events):
No events

Nmethod flushes (0 events):
No events

Events (20 events):
Event: 0.041 Thread 0x000001cf4b3aabb0 Thread added: 0x000001cf63342e80
Event: 0.041 Thread 0x000001cf4b3aabb0 Thread added: 0x000001cf63346dc0
Event: 0.041 Thread 0x000001cf4b3aabb0 Thread added: 0x000001cf6334dc80
Event: 0.041 Thread 0x000001cf4b3aabb0 Thread added: 0x000001cf63351630
Event: 0.048 Thread 0x000001cf63351630 Thread added: 0x000001cf63413230
Event: 0.078 Thread 0x000001cf63413230 Thread added: 0x000001cf634a0a30
Event: 0.095 Thread 0x000001cf4b3aabb0 Thread added: 0x000001cf63617f80
Event: 0.133 Thread 0x000001cf63413230 Thread added: 0x000001cf6353a530
Event: 0.133 Thread 0x000001cf63413230 Thread added: 0x000001cf635b8070
Event: 0.320 Thread 0x000001cf4b3aabb0 Thread added: 0x000001cf63618610
Event: 0.405 Thread 0x000001cf63351630 Thread added: 0x000001cf69107c50
Event: 0.937 Thread 0x000001cf69107c50 Thread exited: 0x000001cf69107c50
Event: 0.994 Thread 0x000001cf6353a530 Thread added: 0x000001cf693227a0
Event: 0.998 Thread 0x000001cf63351630 Thread added: 0x000001cf69a19320
Event: 1.161 Thread 0x000001cf635b8070 Thread added: 0x000001cf69253b20
Event: 1.267 Thread 0x000001cf4b3aabb0 Thread added: 0x000001cf6361a050
Event: 1.666 Thread 0x000001cf69253b20 Thread exited: 0x000001cf69253b20
Event: 1.666 Thread 0x000001cf693227a0 Thread exited: 0x000001cf693227a0
Event: 1.666 Thread 0x000001cf69a19320 Thread exited: 0x000001cf69a19320
Event: 1.667 Thread 0x000001cf634a0a30 Thread exited: 0x000001cf634a0a30


Dynamic libraries:
0x00007ff782e30000 - 0x00007ff782e3e000 	c:\Users\asus\.antigravity\extensions\redhat.java-1.54.0-win32-x64\jre\21.0.10-win32-x86_64\bin\java.exe
0x00007ffe23760000 - 0x00007ffe239c7000 	C:\Windows\SYSTEM32\ntdll.dll
0x00007ffe22720000 - 0x00007ffe227e9000 	C:\Windows\System32\KERNEL32.DLL
0x00007ffe20550000 - 0x00007ffe20947000 	C:\Windows\System32\KERNELBASE.dll
0x00007ffe20190000 - 0x00007ffe202db000 	C:\Windows\System32\ucrtbase.dll
0x00007ffe10b40000 - 0x00007ffe10b58000 	c:\Users\asus\.antigravity\extensions\redhat.java-1.54.0-win32-x64\jre\21.0.10-win32-x86_64\bin\jli.dll
0x00007ffe10a30000 - 0x00007ffe10a4e000 	c:\Users\asus\.antigravity\extensions\redhat.java-1.54.0-win32-x64\jre\21.0.10-win32-x86_64\bin\VCRUNTIME140.dll
0x00007ffe227f0000 - 0x00007ffe229b6000 	C:\Windows\System32\USER32.dll
0x00007ffe20a10000 - 0x00007ffe20a37000 	C:\Windows\System32\win32u.dll
0x00007ffe0c530000 - 0x00007ffe0c7c2000 	C:\Windows\WinSxS\amd64_microsoft.windows.common-controls_6595b64144ccf1df_6.0.26100.8457_none_3e0b2faee331e92d\COMCTL32.dll
0x00007ffe23680000 - 0x00007ffe236ab000 	C:\Windows\System32\GDI32.dll
0x00007ffe229c0000 - 0x00007ffe22a69000 	C:\Windows\System32\msvcrt.dll
0x00007ffe20390000 - 0x00007ffe204bc000 	C:\Windows\System32\gdi32full.dll
0x00007ffe202e0000 - 0x00007ffe20383000 	C:\Windows\System32\msvcp_win.dll
0x00007ffe23640000 - 0x00007ffe23672000 	C:\Windows\System32\IMM32.DLL
0x00007ffe1b450000 - 0x00007ffe1b45c000 	c:\Users\asus\.antigravity\extensions\redhat.java-1.54.0-win32-x64\jre\21.0.10-win32-x86_64\bin\vcruntime140_1.dll
0x00007ffdfe120000 - 0x00007ffdfe1ad000 	c:\Users\asus\.antigravity\extensions\redhat.java-1.54.0-win32-x64\jre\21.0.10-win32-x86_64\bin\msvcp140.dll
0x00007ffd7e680000 - 0x00007ffd7f421000 	c:\Users\asus\.antigravity\extensions\redhat.java-1.54.0-win32-x64\jre\21.0.10-win32-x86_64\bin\server\jvm.dll
0x00007ffe232d0000 - 0x00007ffe23386000 	C:\Windows\System32\ADVAPI32.dll
0x00007ffe22610000 - 0x00007ffe226b7000 	C:\Windows\System32\sechost.dll
0x00007ffe23390000 - 0x00007ffe234a8000 	C:\Windows\System32\RPCRT4.dll
0x00007ffe217d0000 - 0x00007ffe21850000 	C:\Windows\System32\WS2_32.dll
0x00007ffe18350000 - 0x00007ffe1835b000 	C:\Windows\SYSTEM32\VERSION.dll
0x00007ffe18310000 - 0x00007ffe18346000 	C:\Windows\SYSTEM32\WINMM.dll
0x00007ffe1fff0000 - 0x00007ffe2004e000 	C:\Windows\SYSTEM32\POWRPROF.dll
0x00007ffe1ffd0000 - 0x00007ffe1ffe4000 	C:\Windows\SYSTEM32\UMPDC.dll
0x00007ffe1ef20000 - 0x00007ffe1ef3b000 	C:\Windows\SYSTEM32\kernel.appcore.dll
0x00007ffe1aab0000 - 0x00007ffe1aaba000 	c:\Users\asus\.antigravity\extensions\redhat.java-1.54.0-win32-x64\jre\21.0.10-win32-x86_64\bin\jimage.dll
0x00007ffe1dca0000 - 0x00007ffe1dee2000 	C:\Windows\SYSTEM32\DBGHELP.DLL
0x00007ffe22f40000 - 0x00007ffe232c3000 	C:\Windows\System32\combase.dll
0x00007ffe22230000 - 0x00007ffe22309000 	C:\Windows\System32\OLEAUT32.dll
0x00007ffe009e0000 - 0x00007ffe00a1b000 	C:\Windows\SYSTEM32\dbgcore.DLL
0x00007ffe20a40000 - 0x00007ffe20ae8000 	C:\Windows\System32\bcryptPrimitives.dll
0x00007ffe14af0000 - 0x00007ffe14aff000 	c:\Users\asus\.antigravity\extensions\redhat.java-1.54.0-win32-x64\jre\21.0.10-win32-x86_64\bin\instrument.dll
0x00007ffe0ce30000 - 0x00007ffe0ce50000 	c:\Users\asus\.antigravity\extensions\redhat.java-1.54.0-win32-x64\jre\21.0.10-win32-x86_64\bin\java.dll
0x00007ffe21ab0000 - 0x00007ffe2221e000 	C:\Windows\System32\SHELL32.dll
0x00007ffe20c70000 - 0x00007ffe214dc000 	C:\Windows\System32\windows.storage.dll
0x00007ffe21510000 - 0x00007ffe21606000 	C:\Windows\System32\SHCORE.dll
0x00007ffe21a40000 - 0x00007ffe21aa6000 	C:\Windows\System32\shlwapi.dll
0x00007ffe200b0000 - 0x00007ffe200d9000 	C:\Windows\SYSTEM32\profapi.dll
0x00007ffe0cb40000 - 0x00007ffe0cb58000 	c:\Users\asus\.antigravity\extensions\redhat.java-1.54.0-win32-x64\jre\21.0.10-win32-x86_64\bin\zip.dll
0x00007ffe14400000 - 0x00007ffe14410000 	C:\Users\asus\.antigravity\extensions\redhat.java-1.54.0-win32-x64\jre\21.0.10-win32-x86_64\bin\net.dll
0x00007ffe19590000 - 0x00007ffe196b9000 	C:\Windows\SYSTEM32\WINHTTP.dll
0x00007ffe1f490000 - 0x00007ffe1f4fc000 	C:\Windows\system32\mswsock.dll
0x00007ffe0cb00000 - 0x00007ffe0cb16000 	C:\Users\asus\.antigravity\extensions\redhat.java-1.54.0-win32-x64\jre\21.0.10-win32-x86_64\bin\nio.dll
0x00007ffe139d0000 - 0x00007ffe139e0000 	c:\Users\asus\.antigravity\extensions\redhat.java-1.54.0-win32-x64\jre\21.0.10-win32-x86_64\bin\verify.dll

JVMTI agents:
c:\Users\asus\.antigravity\extensions\redhat.java-1.54.0-win32-x64\lombok\lombok-1.18.39-4050.jar path:c:\Users\asus\.antigravity\extensions\redhat.java-1.54.0-win32-x64\jre\21.0.10-win32-x86_64\bin\instrument.dll, loaded, initialized, instrumentlib options:none

dbghelp: loaded successfully - version: 4.0.5 - missing functions: none
symbol engine: initialized successfully - sym options: 0x614 - pdb path: .;c:\Users\asus\.antigravity\extensions\redhat.java-1.54.0-win32-x64\jre\21.0.10-win32-x86_64\bin;C:\Windows\SYSTEM32;C:\Windows\WinSxS\amd64_microsoft.windows.common-controls_6595b64144ccf1df_6.0.26100.8457_none_3e0b2faee331e92d;c:\Users\asus\.antigravity\extensions\redhat.java-1.54.0-win32-x64\jre\21.0.10-win32-x86_64\bin\server

VM Arguments:
jvm_args: --add-modules=ALL-SYSTEM --add-opens=java.base/java.util=ALL-UNNAMED --add-opens=java.base/java.lang=ALL-UNNAMED --add-opens=java.base/sun.nio.fs=ALL-UNNAMED -Declipse.application=org.eclipse.jdt.ls.core.id1 -Dosgi.bundles.defaultStartLevel=4 -Declipse.product=org.eclipse.jdt.ls.core.product -Djava.import.generatesMetadataFilesAtProjectRoot=false -DDetectVMInstallationsJob.disabled=true -Dfile.encoding=utf8 -XX:+UseParallelGC -XX:GCTimeRatio=4 -XX:AdaptiveSizePolicyWeight=90 -Dsun.zip.disableMemoryMapping=true -Xmx2G -Xms100m -Xlog:disable -javaagent:c:\Users\asus\.antigravity\extensions\redhat.java-1.54.0-win32-x64\lombok\lombok-1.18.39-4050.jar -XX:+HeapDumpOnOutOfMemoryError -XX:HeapDumpPath=c:\Users\asus\AppData\Roaming\Antigravity\User\workspaceStorage\9d5f320f473164d03cbe57bea31abb4e\redhat.java -Daether.dependencyCollector.impl=bf 
java_command: c:\Users\asus\.antigravity\extensions\redhat.java-1.54.0-win32-x64\server\plugins\org.eclipse.equinox.launcher_1.7.100.v20251111-0406.jar -configuration c:\Users\asus\AppData\Roaming\Antigravity\User\globalStorage\redhat.java\1.54.0\config_win -data c:\Users\asus\AppData\Roaming\Antigravity\User\workspaceStorage\9d5f320f473164d03cbe57bea31abb4e\redhat.java\jdt_ws --pipe=\\.\pipe\lsp-ab58b9090f3922b370d26770ce51b3c9-sock
java_class_path (initial): c:\Users\asus\.antigravity\extensions\redhat.java-1.54.0-win32-x64\server\plugins\org.eclipse.equinox.launcher_1.7.100.v20251111-0406.jar
Launcher Type: SUN_STANDARD

[Global flags]
    uintx AdaptiveSizePolicyWeight                 = 90                                        {product} {command line}
     intx CICompilerCount                          = 12                                        {product} {ergonomic}
    uintx GCTimeRatio                              = 4                                         {product} {command line}
     bool HeapDumpOnOutOfMemoryError               = true                                   {manageable} {command line}
    ccstr HeapDumpPath                             = c:\Users\asus\AppData\Roaming\Antigravity\User\workspaceStorage\9d5f320f473164d03cbe57bea31abb4e\redhat.java         {manageable} {command line}
   size_t InitialHeapSize                          = 104857600                                 {product} {command line}
   size_t MaxHeapSize                              = 2147483648                                {product} {command line}
   size_t MaxNewSize                               = 715653120                                 {product} {ergonomic}
   size_t MinHeapDeltaBytes                        = 524288                                    {product} {ergonomic}
   size_t MinHeapSize                              = 104857600                                 {product} {command line}
   size_t NewSize                                  = 34603008                                  {product} {ergonomic}
    uintx NonNMethodCodeHeapSize                   = 7602480                                {pd product} {ergonomic}
    uintx NonProfiledCodeHeapSize                  = 122027880                              {pd product} {ergonomic}
   size_t OldSize                                  = 70254592                                  {product} {ergonomic}
     bool PerfDisableSharedMem                     = true                                      {product} {ergonomic}
    uintx ProfiledCodeHeapSize                     = 122027880                              {pd product} {ergonomic}
    uintx ReservedCodeCacheSize                    = 251658240                              {pd product} {ergonomic}
     bool SegmentedCodeCache                       = true                                      {product} {ergonomic}
   size_t SoftMaxHeapSize                          = 2147483648                             {manageable} {ergonomic}
     bool UseCompressedOops                        = true                           {product lp64_product} {ergonomic}
     bool UseLargePagesIndividualAllocation        = false                                  {pd product} {ergonomic}
     bool UseParallelGC                            = true                                      {product} {command line}

Logging:
Log output configuration:
 #0: stdout all=off uptime,level,tags foldmultilines=false
 #1: stderr all=off uptime,level,tags foldmultilines=false

Release file:
JAVA_VERSION="21.0.10" 
MODULES="java.base java.compiler java.datatransfer java.xml java.prefs java.desktop java.instrument java.logging java.management java.security.sasl java.naming java.rmi java.management.rmi java.net.http java.scripting java.security.jgss java.transaction.xa java.sql java.sql.rowset java.xml.crypto java.se java.smartcardio jdk.accessibility jdk.internal.jvmstat jdk.attach jdk.charsets jdk.internal.opt jdk.zipfs jdk.compiler jdk.crypto.ec jdk.crypto.cryptoki jdk.crypto.mscapi jdk.dynalink jdk.internal.ed jdk.editpad jdk.hotspot.agent jdk.httpserver jdk.internal.le jdk.internal.vm.ci jdk.internal.vm.compiler jdk.internal.vm.compiler.management jdk.jartool jdk.javadoc jdk.jcmd jdk.management jdk.management.agent jdk.jconsole jdk.jdeps jdk.jdwp.agent jdk.jdi jdk.jfr jdk.jshell jdk.jsobject jdk.jstatd jdk.localedata jdk.management.jfr jdk.naming.dns jdk.naming.rmi jdk.net jdk.nio.mapmode jdk.random jdk.sctp jdk.security.auth jdk.security.jgss jdk.unsupported jdk.unsupported.desktop jdk.xml.dom" 

Environment Variables:
JAVA_HOME=C:\Users\asus\.jdks\openjdk-25.0.1
PATH=C:\Program Files\Microsoft SDKs\Azure\CLI2\wbin;C:\Windows\system32;C:\Windows;C:\Windows\System32\Wbem;C:\Windows\System32\WindowsPowerShell\v1.0\;C:\Windows\System32\OpenSSH\;C:\ProgramData\chocolatey\bin;N:\Git\cmd;C:\Program Files\Docker\Docker\resources\bin;C:\Program Files\Microsoft SQL Server\170\Tools\Binn\;C:\Program Files\Microsoft SQL Server\Client SDK\ODBC\170\Tools\Binn\;C:\Program Files\dotnet\;C:\Users\asus\.jdks\openjdk-25.0.1\bin;C:\Users\asus\AppData\Local\Microsoft\WindowsApps;C:\Users\asus\AppData\Local\Programs\Microsoft VS Code\bin;C:\Users\asus\.dotnet\tools;O:\Antigravity\bin
USERNAME=asus
OS=Windows_NT
PROCESSOR_IDENTIFIER=AMD64 Family 25 Model 80 Stepping 0, AuthenticAMD
TMP=C:\Users\asus\AppData\Local\Temp
TEMP=C:\Users\asus\AppData\Local\Temp




Periodic native trim disabled

---------------  S Y S T E M  ---------------

OS:
 Windows 11 , 64 bit Build 26100 (10.0.26100.8328)
OS uptime: 1 days 0:42 hours
Hyper-V role detected

CPU: total 16 (initial active 16) (16 cores per cpu, 2 threads per core) family 25 model 80 stepping 0 microcode 0xa50000d, cx8, cmov, fxsr, ht, mmx, 3dnowpref, sse, sse2, sse3, ssse3, sse4a, sse4.1, sse4.2, popcnt, lzcnt, tsc, tscinvbit, avx, avx2, aes, erms, clmul, bmi1, bmi2, adx, sha, fma, vzeroupper, clflush, clflushopt, hv, rdtscp, rdpid, fsrm, f16c, cet_ss
Processor Information for processor 0
  Max Mhz: 3201, Current Mhz: 3201, Mhz Limit: 3201
Processor Information for processor 1
  Max Mhz: 3201, Current Mhz: 1802, Mhz Limit: 3201
Processor Information for processor 2
  Max Mhz: 3201, Current Mhz: 3201, Mhz Limit: 3201
Processor Information for processor 3
  Max Mhz: 3201, Current Mhz: 3201, Mhz Limit: 3201
Processor Information for processor 4
  Max Mhz: 3201, Current Mhz: 3201, Mhz Limit: 3201
Processor Information for processor 5
  Max Mhz: 3201, Current Mhz: 1802, Mhz Limit: 3201
Processor Information for processor 6
  Max Mhz: 3201, Current Mhz: 3201, Mhz Limit: 3201
Processor Information for processor 7
  Max Mhz: 3201, Current Mhz: 1802, Mhz Limit: 3201
Processor Information for processor 8
  Max Mhz: 3201, Current Mhz: 1802, Mhz Limit: 3201
Processor Information for processor 9
  Max Mhz: 3201, Current Mhz: 1802, Mhz Limit: 3201
Processor Information for processor 10
  Max Mhz: 3201, Current Mhz: 3201, Mhz Limit: 3201
Processor Information for processor 11
  Max Mhz: 3201, Current Mhz: 3201, Mhz Limit: 3201
Processor Information for processor 12
  Max Mhz: 3201, Current Mhz: 1802, Mhz Limit: 3201
Processor Information for processor 13
  Max Mhz: 3201, Current Mhz: 3201, Mhz Limit: 3201
Processor Information for processor 14
  Max Mhz: 3201, Current Mhz: 3201, Mhz Limit: 3201
Processor Information for processor 15
  Max Mhz: 3201, Current Mhz: 1802, Mhz Limit: 3201

Memory: 4k page, system-wide physical 15773M (3127M free)
TotalPageFile size 16745M (AvailPageFile size 21M)
current process WorkingSet (physical memory assigned to process): 101M, peak: 101M
current process commit charge ("private bytes"): 260M, peak: 261M

vm_info: OpenJDK 64-Bit Server VM (21.0.10+7-LTS) for windows-amd64 JRE (21.0.10+7-LTS), built on 2026-01-20T00:00:00Z by "admin" with MS VC++ 17.12 (VS2022)

END.
