#
# There is insufficient memory for the Java Runtime Environment to continue.
# Native memory allocation (malloc) failed to allocate 1092440 bytes. Error detail: Chunk::new
# Possible reasons:
#   The system is out of physical RAM or swap space
#   This process is running with CompressedOops enabled, and the Java Heap may be blocking the growth of the native heap
# Possible solutions:
#   Reduce memory load on the system
#   Increase physical memory or swap space
#   Check if swap backing store is full
#   Decrease Java heap size (-Xmx/-Xms)
#   Decrease number of Java threads
#   Decrease Java thread stack sizes (-Xss)
#   Set larger code cache with -XX:ReservedCodeCacheSize=
#   JVM is running with Zero Based Compressed Oops mode in which the Java heap is
#     placed in the first 32GB address space. The Java Heap base address is the
#     maximum limit for the native heap growth. Please use -XX:HeapBaseMinAddress
#     to set the Java Heap base and to place the Java Heap above 32GB virtual address.
# This output file may be truncated or incomplete.
#
#  Out of Memory Error (arena.cpp:186), pid=20300, tid=16532
#
# JRE version: OpenJDK Runtime Environment (25.0.1+8) (build 25.0.1+8-27)
# Java VM: OpenJDK 64-Bit Server VM (25.0.1+8-27, mixed mode, sharing, tiered, compressed oops, compressed class ptrs, g1 gc, windows-amd64)
# No core dump will be written. Minidumps are not enabled by default on client versions of Windows
#

---------------  S U M M A R Y ------------

Command Line: C:\Users\asus\AppData\Local\Temp\surefire5340629254613911139\surefirebooter-20260424201938950_3.jar C:\Users\asus\AppData\Local\Temp\surefire5340629254613911139 2026-04-24T20-19-38_733-jvmRun1 surefire-20260424201938950_1tmp surefire_0-20260424201938950_2tmp

Host: AMD Ryzen 7 5800H with Radeon Graphics         , 16 cores, 15G,  Windows 11 , 64 bit Build 26100 (10.0.26100.8246)
Time: Fri Apr 24 20:19:39 2026 India Standard Time elapsed time: 0.064611 seconds (0d 0h 0m 0s)

---------------  T H R E A D  ---------------

Current thread (0x0000018273865170):  JavaThread "C2 CompilerThread0" daemon [_thread_in_native, id=16532, stack(0x00000031fb800000,0x00000031fb900000) (1024K)]


Current CompileTask:
C2:64  147       4       java.lang.StringLatin1::indexOf (121 bytes)

Stack: [0x00000031fb800000,0x00000031fb900000]
Native frames: (J=compiled Java code, j=interpreted, Vv=VM code, C=native code)
V  [jvm.dll+0x7a6b59]  (no source info available)
V  [jvm.dll+0x77290d]  (no source info available)
V  [jvm.dll+0x966153]  (no source info available)
V  [jvm.dll+0x968751]  (no source info available)
V  [jvm.dll+0x968e53]  (no source info available)
V  [jvm.dll+0x2fc756]  (no source info available)
V  [jvm.dll+0x111b26]  (no source info available)
V  [jvm.dll+0x111e4e]  (no source info available)
V  [jvm.dll+0x1a0a22]  (no source info available)
V  [jvm.dll+0x3b53c2]  (no source info available)
V  [jvm.dll+0x7ac4ef]  (no source info available)
V  [jvm.dll+0x2c0ac7]  (no source info available)
V  [jvm.dll+0x2bfa8f]  (no source info available)
V  [jvm.dll+0x237b60]  (no source info available)
V  [jvm.dll+0x2cfb56]  (no source info available)
V  [jvm.dll+0x2cddd5]  (no source info available)
V  [jvm.dll+0x48e6d1]  (no source info available)
V  [jvm.dll+0x906a0d]  (no source info available)
V  [jvm.dll+0x7a5135]  (no source info available)
C  [ucrtbase.dll+0x37b0]  (no source info available)
C  [KERNEL32.DLL+0x2e8d7]  (no source info available)
C  [ntdll.dll+0x8c3fc]  (no source info available)

Lock stack of current Java thread (top to bottom):


---------------  P R O C E S S  ---------------

Threads class SMR info:
_java_thread_list=0x00000182781666c0, length=15, elements={
0x0000018251b74ce0, 0x0000018273841a20, 0x0000018273842330, 0x0000018273845280,
0x00000182738471a0, 0x00000182738508e0, 0x000001827384b030, 0x0000018273865170,
0x00000182738730a0, 0x0000018273848920, 0x000001827384d740, 0x0000018273872080,
0x00000182738748d0, 0x0000018273871060, 0x00000182738738b0
}

Java Threads: ( => current thread )
  0x0000018251b74ce0 JavaThread "main"                              [_thread_in_Java, id=8744, stack(0x00000031faa00000,0x00000031fab00000) (1024K)]
  0x0000018273841a20 JavaThread "Reference Handler"          daemon [_thread_blocked, id=20980, stack(0x00000031fb200000,0x00000031fb300000) (1024K)]
  0x0000018273842330 JavaThread "Finalizer"                  daemon [_thread_blocked, id=21860, stack(0x00000031fb300000,0x00000031fb400000) (1024K)]
  0x0000018273845280 JavaThread "Signal Dispatcher"          daemon [_thread_blocked, id=6956, stack(0x00000031fb400000,0x00000031fb500000) (1024K)]
  0x00000182738471a0 JavaThread "Attach Listener"            daemon [_thread_blocked, id=12092, stack(0x00000031fb500000,0x00000031fb600000) (1024K)]
  0x00000182738508e0 JavaThread "Service Thread"             daemon [_thread_blocked, id=21944, stack(0x00000031fb600000,0x00000031fb700000) (1024K)]
  0x000001827384b030 JavaThread "Monitor Deflation Thread"   daemon [_thread_blocked, id=16400, stack(0x00000031fb700000,0x00000031fb800000) (1024K)]
=>0x0000018273865170 JavaThread "C2 CompilerThread0"         daemon [_thread_in_native, id=16532, stack(0x00000031fb800000,0x00000031fb900000) (1024K)]
  0x00000182738730a0 JavaThread "C1 CompilerThread0"         daemon [_thread_blocked, id=21608, stack(0x00000031fb900000,0x00000031fba00000) (1024K)]
  0x0000018273848920 JavaThread "Notification Thread"        daemon [_thread_blocked, id=21900, stack(0x00000031fba00000,0x00000031fbb00000) (1024K)]
  0x000001827384d740 JavaThread "Common-Cleaner"             daemon [_thread_blocked, id=14632, stack(0x00000031fbb00000,0x00000031fbc00000) (1024K)]
  0x0000018273872080 JavaThread "C1 CompilerThread1"         daemon [_thread_blocked, id=22508, stack(0x00000031fbc00000,0x00000031fbd00000) (1024K)]
  0x00000182738748d0 JavaThread "C1 CompilerThread2"         daemon [_thread_blocked, id=21960, stack(0x00000031fbd00000,0x00000031fbe00000) (1024K)]
  0x0000018273871060 JavaThread "C2 CompilerThread1"         daemon [_thread_in_native, id=4148, stack(0x00000031fbe00000,0x00000031fbf00000) (1024K)]
  0x00000182738738b0 JavaThread "C2 CompilerThread2"         daemon [_thread_blocked, id=20256, stack(0x00000031fbf00000,0x00000031fc000000) (1024K)]
Total: 15

Other Threads:
  0x000001827382c980 VMThread "VM Thread"                           [id=7644, stack(0x00000031fb100000,0x00000031fb200000) (1024K)]
  0x00000182736f1360 WatcherThread "VM Periodic Task Thread"        [id=21544, stack(0x00000031fb000000,0x00000031fb100000) (1024K)]
  0x0000018253f66d30 WorkerThread "GC Thread#0"                     [id=21916, stack(0x00000031fab00000,0x00000031fac00000) (1024K)]
  0x0000018253f820c0 ConcurrentGCThread "G1 Main Marker"            [id=14912, stack(0x00000031fac00000,0x00000031fad00000) (1024K)]
  0x0000018253f82a60 WorkerThread "G1 Conc#0"                       [id=22116, stack(0x00000031fad00000,0x00000031fae00000) (1024K)]
  0x00000182736e3d70 ConcurrentGCThread "G1 Refine#0"               [id=468, stack(0x00000031fae00000,0x00000031faf00000) (1024K)]
  0x00000182736e4780 ConcurrentGCThread "G1 Service"                [id=19888, stack(0x00000031faf00000,0x00000031fb000000) (1024K)]
Total: 7

Threads with active compile tasks:
C2 CompilerThread0  103  147       4       java.lang.StringLatin1::indexOf (121 bytes)
C2 CompilerThread1  103  186       4       java.lang.StringLatin1::lastIndexOf (40 bytes)
Total: 2

VM state: not at safepoint (normal execution)

VM Mutex/Monitor currently owned by a thread: None

Heap address: 0x0000000709800000, size: 3944 MB, Compressed Oops mode: Zero based, Oop shift amount: 3

CDS archive(s) mapped at: [0x0000000087000000-0x0000000087dd0000-0x0000000087dd0000), size 14483456, SharedBaseAddress: 0x0000000087000000, ArchiveRelocationMode: 1.
Compressed class space mapped at: 0x0000000088000000-0x00000000c8000000, reserved size: 1073741824
UseCompressedClassPointers 1, UseCompactObjectHeaders 0
Narrow klass pointer bits 32, Max shift 3
Narrow klass base: 0x0000000087000000, Narrow klass shift: 0
Encoding Range: [0x0000000087000000 - 0x0000000187000000), (4294967296 bytes)
Klass Range:    [0x0000000087010000 - 0x00000000c8000000), (1090453504 bytes)
Klass ID Range:  [65536 - 1090519033) (1090453497)
Protection zone: [0x0000000087000000 - 0x0000000087010000), (65536 bytes)

GC Precious Log:
 CardTable entry size: 512
 Card Set container configuration: InlinePtr #cards 4 size 8 Array Of Cards #cards 16 size 48 Howl #buckets 8 coarsen threshold 3686 Howl Bitmap #cards 512 size 80 coarsen threshold 460 Card regions per heap region 1 cards per card region 4096
 CPUs: 16 total, 16 available
 Memory: 15773M
 Large Page Support: Disabled
 NUMA Support: Disabled
 Compressed Oops: Enabled (Zero based)
 Heap Region Size: 2M
 Heap Min Capacity: 8M
 Heap Initial Capacity: 248M
 Heap Max Capacity: 3944M
 Pre-touch: Disabled
 Parallel Workers: 13
 Concurrent Workers: 3
 Concurrent Refinement Workers: 13
 Periodic GC: Disabled

Heap:
 garbage-first heap   total reserved 4038656K, committed 256000K, used 3219K [0x0000000709800000, 0x0000000800000000)
  region size 2048K, 2 young (4096K), 0 survivors (0K)

Heap Regions: E=young(eden), S=young(survivor), O=old, HS=humongous(starts), HC=humongous(continues), CS=collection set, F=free, TAMS=top-at-mark-start, PB=parsable bottom
|   0|0x0000000709800000, 0x0000000709800000, 0x0000000709a00000|  0%| F|  |TAMS 0x0000000709800000| PB 0x0000000709800000| Untracked |  0
|   1|0x0000000709a00000, 0x0000000709a00000, 0x0000000709c00000|  0%| F|  |TAMS 0x0000000709a00000| PB 0x0000000709a00000| Untracked |  0
|   2|0x0000000709c00000, 0x0000000709c00000, 0x0000000709e00000|  0%| F|  |TAMS 0x0000000709c00000| PB 0x0000000709c00000| Untracked |  0
|   3|0x0000000709e00000, 0x0000000709e00000, 0x000000070a000000|  0%| F|  |TAMS 0x0000000709e00000| PB 0x0000000709e00000| Untracked |  0
|   4|0x000000070a000000, 0x000000070a000000, 0x000000070a200000|  0%| F|  |TAMS 0x000000070a000000| PB 0x000000070a000000| Untracked |  0
|   5|0x000000070a200000, 0x000000070a200000, 0x000000070a400000|  0%| F|  |TAMS 0x000000070a200000| PB 0x000000070a200000| Untracked |  0
|   6|0x000000070a400000, 0x000000070a400000, 0x000000070a600000|  0%| F|  |TAMS 0x000000070a400000| PB 0x000000070a400000| Untracked |  0
|   7|0x000000070a600000, 0x000000070a600000, 0x000000070a800000|  0%| F|  |TAMS 0x000000070a600000| PB 0x000000070a600000| Untracked |  0
|   8|0x000000070a800000, 0x000000070a800000, 0x000000070aa00000|  0%| F|  |TAMS 0x000000070a800000| PB 0x000000070a800000| Untracked |  0
|   9|0x000000070aa00000, 0x000000070aa00000, 0x000000070ac00000|  0%| F|  |TAMS 0x000000070aa00000| PB 0x000000070aa00000| Untracked |  0
|  10|0x000000070ac00000, 0x000000070ac00000, 0x000000070ae00000|  0%| F|  |TAMS 0x000000070ac00000| PB 0x000000070ac00000| Untracked |  0
|  11|0x000000070ae00000, 0x000000070ae00000, 0x000000070b000000|  0%| F|  |TAMS 0x000000070ae00000| PB 0x000000070ae00000| Untracked |  0
|  12|0x000000070b000000, 0x000000070b000000, 0x000000070b200000|  0%| F|  |TAMS 0x000000070b000000| PB 0x000000070b000000| Untracked |  0
|  13|0x000000070b200000, 0x000000070b200000, 0x000000070b400000|  0%| F|  |TAMS 0x000000070b200000| PB 0x000000070b200000| Untracked |  0
|  14|0x000000070b400000, 0x000000070b400000, 0x000000070b600000|  0%| F|  |TAMS 0x000000070b400000| PB 0x000000070b400000| Untracked |  0
|  15|0x000000070b600000, 0x000000070b600000, 0x000000070b800000|  0%| F|  |TAMS 0x000000070b600000| PB 0x000000070b600000| Untracked |  0
|  16|0x000000070b800000, 0x000000070b800000, 0x000000070ba00000|  0%| F|  |TAMS 0x000000070b800000| PB 0x000000070b800000| Untracked |  0
|  17|0x000000070ba00000, 0x000000070ba00000, 0x000000070bc00000|  0%| F|  |TAMS 0x000000070ba00000| PB 0x000000070ba00000| Untracked |  0
|  18|0x000000070bc00000, 0x000000070bc00000, 0x000000070be00000|  0%| F|  |TAMS 0x000000070bc00000| PB 0x000000070bc00000| Untracked |  0
|  19|0x000000070be00000, 0x000000070be00000, 0x000000070c000000|  0%| F|  |TAMS 0x000000070be00000| PB 0x000000070be00000| Untracked |  0
|  20|0x000000070c000000, 0x000000070c000000, 0x000000070c200000|  0%| F|  |TAMS 0x000000070c000000| PB 0x000000070c000000| Untracked |  0
|  21|0x000000070c200000, 0x000000070c200000, 0x000000070c400000|  0%| F|  |TAMS 0x000000070c200000| PB 0x000000070c200000| Untracked |  0
|  22|0x000000070c400000, 0x000000070c400000, 0x000000070c600000|  0%| F|  |TAMS 0x000000070c400000| PB 0x000000070c400000| Untracked |  0
|  23|0x000000070c600000, 0x000000070c600000, 0x000000070c800000|  0%| F|  |TAMS 0x000000070c600000| PB 0x000000070c600000| Untracked |  0
|  24|0x000000070c800000, 0x000000070c800000, 0x000000070ca00000|  0%| F|  |TAMS 0x000000070c800000| PB 0x000000070c800000| Untracked |  0
|  25|0x000000070ca00000, 0x000000070ca00000, 0x000000070cc00000|  0%| F|  |TAMS 0x000000070ca00000| PB 0x000000070ca00000| Untracked |  0
|  26|0x000000070cc00000, 0x000000070cc00000, 0x000000070ce00000|  0%| F|  |TAMS 0x000000070cc00000| PB 0x000000070cc00000| Untracked |  0
|  27|0x000000070ce00000, 0x000000070ce00000, 0x000000070d000000|  0%| F|  |TAMS 0x000000070ce00000| PB 0x000000070ce00000| Untracked |  0
|  28|0x000000070d000000, 0x000000070d000000, 0x000000070d200000|  0%| F|  |TAMS 0x000000070d000000| PB 0x000000070d000000| Untracked |  0
|  29|0x000000070d200000, 0x000000070d200000, 0x000000070d400000|  0%| F|  |TAMS 0x000000070d200000| PB 0x000000070d200000| Untracked |  0
|  30|0x000000070d400000, 0x000000070d400000, 0x000000070d600000|  0%| F|  |TAMS 0x000000070d400000| PB 0x000000070d400000| Untracked |  0
|  31|0x000000070d600000, 0x000000070d600000, 0x000000070d800000|  0%| F|  |TAMS 0x000000070d600000| PB 0x000000070d600000| Untracked |  0
|  32|0x000000070d800000, 0x000000070d800000, 0x000000070da00000|  0%| F|  |TAMS 0x000000070d800000| PB 0x000000070d800000| Untracked |  0
|  33|0x000000070da00000, 0x000000070da00000, 0x000000070dc00000|  0%| F|  |TAMS 0x000000070da00000| PB 0x000000070da00000| Untracked |  0
|  34|0x000000070dc00000, 0x000000070dc00000, 0x000000070de00000|  0%| F|  |TAMS 0x000000070dc00000| PB 0x000000070dc00000| Untracked |  0
|  35|0x000000070de00000, 0x000000070de00000, 0x000000070e000000|  0%| F|  |TAMS 0x000000070de00000| PB 0x000000070de00000| Untracked |  0
|  36|0x000000070e000000, 0x000000070e000000, 0x000000070e200000|  0%| F|  |TAMS 0x000000070e000000| PB 0x000000070e000000| Untracked |  0
|  37|0x000000070e200000, 0x000000070e200000, 0x000000070e400000|  0%| F|  |TAMS 0x000000070e200000| PB 0x000000070e200000| Untracked |  0
|  38|0x000000070e400000, 0x000000070e400000, 0x000000070e600000|  0%| F|  |TAMS 0x000000070e400000| PB 0x000000070e400000| Untracked |  0
|  39|0x000000070e600000, 0x000000070e600000, 0x000000070e800000|  0%| F|  |TAMS 0x000000070e600000| PB 0x000000070e600000| Untracked |  0
|  40|0x000000070e800000, 0x000000070e800000, 0x000000070ea00000|  0%| F|  |TAMS 0x000000070e800000| PB 0x000000070e800000| Untracked |  0
|  41|0x000000070ea00000, 0x000000070ea00000, 0x000000070ec00000|  0%| F|  |TAMS 0x000000070ea00000| PB 0x000000070ea00000| Untracked |  0
|  42|0x000000070ec00000, 0x000000070ec00000, 0x000000070ee00000|  0%| F|  |TAMS 0x000000070ec00000| PB 0x000000070ec00000| Untracked |  0
|  43|0x000000070ee00000, 0x000000070ee00000, 0x000000070f000000|  0%| F|  |TAMS 0x000000070ee00000| PB 0x000000070ee00000| Untracked |  0
|  44|0x000000070f000000, 0x000000070f000000, 0x000000070f200000|  0%| F|  |TAMS 0x000000070f000000| PB 0x000000070f000000| Untracked |  0
|  45|0x000000070f200000, 0x000000070f200000, 0x000000070f400000|  0%| F|  |TAMS 0x000000070f200000| PB 0x000000070f200000| Untracked |  0
|  46|0x000000070f400000, 0x000000070f400000, 0x000000070f600000|  0%| F|  |TAMS 0x000000070f400000| PB 0x000000070f400000| Untracked |  0
|  47|0x000000070f600000, 0x000000070f600000, 0x000000070f800000|  0%| F|  |TAMS 0x000000070f600000| PB 0x000000070f600000| Untracked |  0
|  48|0x000000070f800000, 0x000000070f800000, 0x000000070fa00000|  0%| F|  |TAMS 0x000000070f800000| PB 0x000000070f800000| Untracked |  0
|  49|0x000000070fa00000, 0x000000070fa00000, 0x000000070fc00000|  0%| F|  |TAMS 0x000000070fa00000| PB 0x000000070fa00000| Untracked |  0
|  50|0x000000070fc00000, 0x000000070fc00000, 0x000000070fe00000|  0%| F|  |TAMS 0x000000070fc00000| PB 0x000000070fc00000| Untracked |  0
|  51|0x000000070fe00000, 0x000000070fe00000, 0x0000000710000000|  0%| F|  |TAMS 0x000000070fe00000| PB 0x000000070fe00000| Untracked |  0
|  52|0x0000000710000000, 0x0000000710000000, 0x0000000710200000|  0%| F|  |TAMS 0x0000000710000000| PB 0x0000000710000000| Untracked |  0
|  53|0x0000000710200000, 0x0000000710200000, 0x0000000710400000|  0%| F|  |TAMS 0x0000000710200000| PB 0x0000000710200000| Untracked |  0
|  54|0x0000000710400000, 0x0000000710400000, 0x0000000710600000|  0%| F|  |TAMS 0x0000000710400000| PB 0x0000000710400000| Untracked |  0
|  55|0x0000000710600000, 0x0000000710600000, 0x0000000710800000|  0%| F|  |TAMS 0x0000000710600000| PB 0x0000000710600000| Untracked |  0
|  56|0x0000000710800000, 0x0000000710800000, 0x0000000710a00000|  0%| F|  |TAMS 0x0000000710800000| PB 0x0000000710800000| Untracked |  0
|  57|0x0000000710a00000, 0x0000000710a00000, 0x0000000710c00000|  0%| F|  |TAMS 0x0000000710a00000| PB 0x0000000710a00000| Untracked |  0
|  58|0x0000000710c00000, 0x0000000710c00000, 0x0000000710e00000|  0%| F|  |TAMS 0x0000000710c00000| PB 0x0000000710c00000| Untracked |  0
|  59|0x0000000710e00000, 0x0000000710e00000, 0x0000000711000000|  0%| F|  |TAMS 0x0000000710e00000| PB 0x0000000710e00000| Untracked |  0
|  60|0x0000000711000000, 0x0000000711000000, 0x0000000711200000|  0%| F|  |TAMS 0x0000000711000000| PB 0x0000000711000000| Untracked |  0
|  61|0x0000000711200000, 0x0000000711200000, 0x0000000711400000|  0%| F|  |TAMS 0x0000000711200000| PB 0x0000000711200000| Untracked |  0
|  62|0x0000000711400000, 0x0000000711400000, 0x0000000711600000|  0%| F|  |TAMS 0x0000000711400000| PB 0x0000000711400000| Untracked |  0
|  63|0x0000000711600000, 0x0000000711600000, 0x0000000711800000|  0%| F|  |TAMS 0x0000000711600000| PB 0x0000000711600000| Untracked |  0
|  64|0x0000000711800000, 0x0000000711800000, 0x0000000711a00000|  0%| F|  |TAMS 0x0000000711800000| PB 0x0000000711800000| Untracked |  0
|  65|0x0000000711a00000, 0x0000000711a00000, 0x0000000711c00000|  0%| F|  |TAMS 0x0000000711a00000| PB 0x0000000711a00000| Untracked |  0
|  66|0x0000000711c00000, 0x0000000711c00000, 0x0000000711e00000|  0%| F|  |TAMS 0x0000000711c00000| PB 0x0000000711c00000| Untracked |  0
|  67|0x0000000711e00000, 0x0000000711e00000, 0x0000000712000000|  0%| F|  |TAMS 0x0000000711e00000| PB 0x0000000711e00000| Untracked |  0
|  68|0x0000000712000000, 0x0000000712000000, 0x0000000712200000|  0%| F|  |TAMS 0x0000000712000000| PB 0x0000000712000000| Untracked |  0
|  69|0x0000000712200000, 0x0000000712200000, 0x0000000712400000|  0%| F|  |TAMS 0x0000000712200000| PB 0x0000000712200000| Untracked |  0
|  70|0x0000000712400000, 0x0000000712400000, 0x0000000712600000|  0%| F|  |TAMS 0x0000000712400000| PB 0x0000000712400000| Untracked |  0
|  71|0x0000000712600000, 0x0000000712600000, 0x0000000712800000|  0%| F|  |TAMS 0x0000000712600000| PB 0x0000000712600000| Untracked |  0
|  72|0x0000000712800000, 0x0000000712800000, 0x0000000712a00000|  0%| F|  |TAMS 0x0000000712800000| PB 0x0000000712800000| Untracked |  0
|  73|0x0000000712a00000, 0x0000000712a00000, 0x0000000712c00000|  0%| F|  |TAMS 0x0000000712a00000| PB 0x0000000712a00000| Untracked |  0
|  74|0x0000000712c00000, 0x0000000712c00000, 0x0000000712e00000|  0%| F|  |TAMS 0x0000000712c00000| PB 0x0000000712c00000| Untracked |  0
|  75|0x0000000712e00000, 0x0000000712e00000, 0x0000000713000000|  0%| F|  |TAMS 0x0000000712e00000| PB 0x0000000712e00000| Untracked |  0
|  76|0x0000000713000000, 0x0000000713000000, 0x0000000713200000|  0%| F|  |TAMS 0x0000000713000000| PB 0x0000000713000000| Untracked |  0
|  77|0x0000000713200000, 0x0000000713200000, 0x0000000713400000|  0%| F|  |TAMS 0x0000000713200000| PB 0x0000000713200000| Untracked |  0
|  78|0x0000000713400000, 0x0000000713400000, 0x0000000713600000|  0%| F|  |TAMS 0x0000000713400000| PB 0x0000000713400000| Untracked |  0
|  79|0x0000000713600000, 0x0000000713600000, 0x0000000713800000|  0%| F|  |TAMS 0x0000000713600000| PB 0x0000000713600000| Untracked |  0
|  80|0x0000000713800000, 0x0000000713800000, 0x0000000713a00000|  0%| F|  |TAMS 0x0000000713800000| PB 0x0000000713800000| Untracked |  0
|  81|0x0000000713a00000, 0x0000000713a00000, 0x0000000713c00000|  0%| F|  |TAMS 0x0000000713a00000| PB 0x0000000713a00000| Untracked |  0
|  82|0x0000000713c00000, 0x0000000713c00000, 0x0000000713e00000|  0%| F|  |TAMS 0x0000000713c00000| PB 0x0000000713c00000| Untracked |  0
|  83|0x0000000713e00000, 0x0000000713e00000, 0x0000000714000000|  0%| F|  |TAMS 0x0000000713e00000| PB 0x0000000713e00000| Untracked |  0
|  84|0x0000000714000000, 0x0000000714000000, 0x0000000714200000|  0%| F|  |TAMS 0x0000000714000000| PB 0x0000000714000000| Untracked |  0
|  85|0x0000000714200000, 0x0000000714200000, 0x0000000714400000|  0%| F|  |TAMS 0x0000000714200000| PB 0x0000000714200000| Untracked |  0
|  86|0x0000000714400000, 0x0000000714400000, 0x0000000714600000|  0%| F|  |TAMS 0x0000000714400000| PB 0x0000000714400000| Untracked |  0
|  87|0x0000000714600000, 0x0000000714600000, 0x0000000714800000|  0%| F|  |TAMS 0x0000000714600000| PB 0x0000000714600000| Untracked |  0
|  88|0x0000000714800000, 0x0000000714800000, 0x0000000714a00000|  0%| F|  |TAMS 0x0000000714800000| PB 0x0000000714800000| Untracked |  0
|  89|0x0000000714a00000, 0x0000000714a00000, 0x0000000714c00000|  0%| F|  |TAMS 0x0000000714a00000| PB 0x0000000714a00000| Untracked |  0
|  90|0x0000000714c00000, 0x0000000714c00000, 0x0000000714e00000|  0%| F|  |TAMS 0x0000000714c00000| PB 0x0000000714c00000| Untracked |  0
|  91|0x0000000714e00000, 0x0000000714e00000, 0x0000000715000000|  0%| F|  |TAMS 0x0000000714e00000| PB 0x0000000714e00000| Untracked |  0
|  92|0x0000000715000000, 0x0000000715000000, 0x0000000715200000|  0%| F|  |TAMS 0x0000000715000000| PB 0x0000000715000000| Untracked |  0
|  93|0x0000000715200000, 0x0000000715200000, 0x0000000715400000|  0%| F|  |TAMS 0x0000000715200000| PB 0x0000000715200000| Untracked |  0
|  94|0x0000000715400000, 0x0000000715400000, 0x0000000715600000|  0%| F|  |TAMS 0x0000000715400000| PB 0x0000000715400000| Untracked |  0
|  95|0x0000000715600000, 0x0000000715600000, 0x0000000715800000|  0%| F|  |TAMS 0x0000000715600000| PB 0x0000000715600000| Untracked |  0
|  96|0x0000000715800000, 0x0000000715800000, 0x0000000715a00000|  0%| F|  |TAMS 0x0000000715800000| PB 0x0000000715800000| Untracked |  0
|  97|0x0000000715a00000, 0x0000000715a00000, 0x0000000715c00000|  0%| F|  |TAMS 0x0000000715a00000| PB 0x0000000715a00000| Untracked |  0
|  98|0x0000000715c00000, 0x0000000715c00000, 0x0000000715e00000|  0%| F|  |TAMS 0x0000000715c00000| PB 0x0000000715c00000| Untracked |  0
|  99|0x0000000715e00000, 0x0000000715e00000, 0x0000000716000000|  0%| F|  |TAMS 0x0000000715e00000| PB 0x0000000715e00000| Untracked |  0
| 100|0x0000000716000000, 0x0000000716000000, 0x0000000716200000|  0%| F|  |TAMS 0x0000000716000000| PB 0x0000000716000000| Untracked |  0
| 101|0x0000000716200000, 0x0000000716200000, 0x0000000716400000|  0%| F|  |TAMS 0x0000000716200000| PB 0x0000000716200000| Untracked |  0
| 102|0x0000000716400000, 0x0000000716400000, 0x0000000716600000|  0%| F|  |TAMS 0x0000000716400000| PB 0x0000000716400000| Untracked |  0
| 103|0x0000000716600000, 0x0000000716600000, 0x0000000716800000|  0%| F|  |TAMS 0x0000000716600000| PB 0x0000000716600000| Untracked |  0
| 104|0x0000000716800000, 0x0000000716800000, 0x0000000716a00000|  0%| F|  |TAMS 0x0000000716800000| PB 0x0000000716800000| Untracked |  0
| 105|0x0000000716a00000, 0x0000000716a00000, 0x0000000716c00000|  0%| F|  |TAMS 0x0000000716a00000| PB 0x0000000716a00000| Untracked |  0
| 106|0x0000000716c00000, 0x0000000716c00000, 0x0000000716e00000|  0%| F|  |TAMS 0x0000000716c00000| PB 0x0000000716c00000| Untracked |  0
| 107|0x0000000716e00000, 0x0000000716e00000, 0x0000000717000000|  0%| F|  |TAMS 0x0000000716e00000| PB 0x0000000716e00000| Untracked |  0
| 108|0x0000000717000000, 0x0000000717000000, 0x0000000717200000|  0%| F|  |TAMS 0x0000000717000000| PB 0x0000000717000000| Untracked |  0
| 109|0x0000000717200000, 0x0000000717200000, 0x0000000717400000|  0%| F|  |TAMS 0x0000000717200000| PB 0x0000000717200000| Untracked |  0
| 110|0x0000000717400000, 0x0000000717400000, 0x0000000717600000|  0%| F|  |TAMS 0x0000000717400000| PB 0x0000000717400000| Untracked |  0
| 111|0x0000000717600000, 0x0000000717600000, 0x0000000717800000|  0%| F|  |TAMS 0x0000000717600000| PB 0x0000000717600000| Untracked |  0
| 112|0x0000000717800000, 0x0000000717800000, 0x0000000717a00000|  0%| F|  |TAMS 0x0000000717800000| PB 0x0000000717800000| Untracked |  0
| 113|0x0000000717a00000, 0x0000000717a00000, 0x0000000717c00000|  0%| F|  |TAMS 0x0000000717a00000| PB 0x0000000717a00000| Untracked |  0
| 114|0x0000000717c00000, 0x0000000717c00000, 0x0000000717e00000|  0%| F|  |TAMS 0x0000000717c00000| PB 0x0000000717c00000| Untracked |  0
| 115|0x0000000717e00000, 0x0000000717e00000, 0x0000000718000000|  0%| F|  |TAMS 0x0000000717e00000| PB 0x0000000717e00000| Untracked |  0
| 116|0x0000000718000000, 0x0000000718000000, 0x0000000718200000|  0%| F|  |TAMS 0x0000000718000000| PB 0x0000000718000000| Untracked |  0
| 117|0x0000000718200000, 0x0000000718200000, 0x0000000718400000|  0%| F|  |TAMS 0x0000000718200000| PB 0x0000000718200000| Untracked |  0
| 118|0x0000000718400000, 0x0000000718400000, 0x0000000718600000|  0%| F|  |TAMS 0x0000000718400000| PB 0x0000000718400000| Untracked |  0
| 119|0x0000000718600000, 0x0000000718600000, 0x0000000718800000|  0%| F|  |TAMS 0x0000000718600000| PB 0x0000000718600000| Untracked |  0
| 120|0x0000000718800000, 0x0000000718800000, 0x0000000718a00000|  0%| F|  |TAMS 0x0000000718800000| PB 0x0000000718800000| Untracked |  0
| 121|0x0000000718a00000, 0x0000000718a00000, 0x0000000718c00000|  0%| F|  |TAMS 0x0000000718a00000| PB 0x0000000718a00000| Untracked |  0
| 122|0x0000000718c00000, 0x0000000718deb8e8, 0x0000000718e00000| 96%| E|  |TAMS 0x0000000718c00000| PB 0x0000000718c00000| Complete |  0
| 123|0x0000000718e00000, 0x0000000719000000, 0x0000000719000000|100%| E|CS|TAMS 0x0000000718e00000| PB 0x0000000718e00000| Complete |  0
|1971|0x00000007ffe00000, 0x00000007fff24ea8, 0x0000000800000000| 57%| O|  |TAMS 0x00000007ffe00000| PB 0x00000007ffe00000| Untracked |  0

Card table byte_map: [0x000001826c7c0000,0x000001826cf80000] _byte_map_base: 0x0000018268f74000

Marking Bits: (CMBitMap*) 0x0000018253f696d0
 Bits: [0x000001826cf80000, 0x0000018270d20000)

Polling page: 0x0000018251ec0000

Metaspace:
Metaspace        used 720K, committed 832K, reserved 1114112K
 class space     used 42K, committed 128K, reserved 1048576K

Usage:
  Non-class:    677.15 KB used.
      Class:     42.94 KB used.
       Both:    720.09 KB used.

Virtual space:
  Non-class space:       64.00 MB reserved,     704.00 KB (  1%) committed,  1 nodes.
      Class space:        1.00 GB reserved,     128.00 KB ( <1%) committed,  1 nodes.
             Both:        1.06 GB reserved,     832.00 KB ( <1%) committed. 

Chunk freelists:
   Non-Class:  11.83 MB
       Class:  15.73 MB
        Both:  27.56 MB

MaxMetaspaceSize: unlimited
CompressedClassSpaceSize: 1.00 GB
Initial GC threshold: 21.00 MB
Current GC threshold: 21.00 MB
CDS: on
 - commit_granule_bytes: 65536.
 - commit_granule_words: 8192.
 - virtual_space_node_default_size: 8388608.
 - enlarge_chunks_in_place: 1.
UseCompressedClassPointers 1, UseCompactObjectHeaders 0
Narrow klass pointer bits 32, Max shift 3
Narrow klass base: 0x0000000087000000, Narrow klass shift: 0
Encoding Range: [0x0000000087000000 - 0x0000000187000000), (4294967296 bytes)
Klass Range:    [0x0000000087010000 - 0x00000000c8000000), (1090453504 bytes)
Klass ID Range:  [65536 - 1090519033) (1090453497)
Protection zone: [0x0000000087000000 - 0x0000000087010000), (65536 bytes)


Internal statistics:

num_allocs_failed_limit: 0.
num_arena_births: 6.
num_arena_deaths: 0.
num_vsnodes_births: 2.
num_vsnodes_deaths: 0.
num_space_committed: 13.
num_space_uncommitted: 0.
num_chunks_returned_to_freelist: 0.
num_chunks_taken_from_freelist: 16.
num_chunk_merges: 0.
num_chunk_splits: 13.
num_chunks_enlarged: 9.
num_inconsistent_stats: 0.

CodeHeap 'non-profiled nmethods': size=119232Kb used=53Kb max_used=53Kb free=119179Kb
 bounds [0x0000018264310000, 0x0000018264580000, 0x000001826b780000]
CodeHeap 'profiled nmethods': size=119104Kb used=188Kb max_used=188Kb free=118915Kb
 bounds [0x000001825c780000, 0x000001825c9f0000, 0x0000018263bd0000]
CodeHeap 'non-nmethods': size=7424Kb used=2401Kb max_used=2401Kb free=5023Kb
 bounds [0x0000018263bd0000, 0x0000018263e40000, 0x0000018264310000]
CodeCache: size=245760Kb, used=2642Kb, max_used=2642Kb, free=243117Kb
 total_blobs=590, nmethods=201, adapters=289, full_count=0
Compilation: enabled, stopped_count=0, restarted_count=0

Compilation events (20 events):
Event: 0.058 Thread 0x0000018273872080 nmethod 141 0x000001825c7a2d08 code [0x000001825c7a2e00, 0x000001825c7a3090]
Event: 0.058 Thread 0x0000018273872080  142       3       java.util.concurrent.ConcurrentHashMap::addCount (280 bytes)
Event: 0.058 Thread 0x00000182738738b0 nmethod 128 0x0000018264316108 code [0x0000018264316200, 0x0000018264316570]
Event: 0.058 Thread 0x0000018273871060 nmethod 129 0x0000018264316588 code [0x0000018264316680, 0x00000182643169e8]
Event: 0.058 Thread 0x0000018273871060  146       4       jdk.internal.util.ArraysSupport::unsignedHashCode (36 bytes)
Event: 0.058 Thread 0x0000018273865170  147       4       java.lang.StringLatin1::indexOf (121 bytes)
Event: 0.058 Thread 0x00000182738748d0 nmethod 140 0x000001825c7a3108 code [0x000001825c7a3200, 0x000001825c7a4450]
Event: 0.058 Thread 0x00000182738748d0  143   !   3       java.util.concurrent.ConcurrentHashMap::putVal (432 bytes)
Event: 0.059 Thread 0x0000018273872080 nmethod 142 0x000001825c7a4488 code [0x000001825c7a4580, 0x000001825c7a4f08]
Event: 0.059 Thread 0x00000182738730a0 nmethod 138 0x000001825c7a4f88 code [0x000001825c7a5080, 0x000001825c7a73f0]
Event: 0.059 Thread 0x00000182738730a0  144       3       java.util.concurrent.ConcurrentHashMap::put (8 bytes)
Event: 0.059 Thread 0x0000018273872080  145       3       java.util.concurrent.ConcurrentHashMap::get (162 bytes)
Event: 0.059 Thread 0x00000182738730a0 nmethod 144 0x000001825c7a7408 code [0x000001825c7a7500, 0x000001825c7a76b8]
Event: 0.059 Thread 0x00000182738730a0  148       3       java.lang.StringLatin1::equals (36 bytes)
Event: 0.059 Thread 0x00000182738730a0 nmethod 148 0x000001825c7a7708 code [0x000001825c7a7800, 0x000001825c7a7a70]
Event: 0.059 Thread 0x00000182738730a0  149       3       java.lang.String::checkBoundsOffCount (10 bytes)
Event: 0.059 Thread 0x0000018273872080 nmethod 145 0x000001825c7a7a88 code [0x000001825c7a7b80, 0x000001825c7a8588]
Event: 0.059 Thread 0x00000182738730a0 nmethod 149 0x000001825c7a8608 code [0x000001825c7a8700, 0x000001825c7a88f8]
Event: 0.059 Thread 0x00000182738748d0 nmethod 143 0x000001825c7a8908 code [0x000001825c7a8a00, 0x000001825c7aa4c8]
Event: 0.060 Thread 0x0000018273871060 nmethod 146 0x0000018264316a08 code [0x0000018264316b00, 0x0000018264316cb0]

GC Heap Usage History (0 events):
No events

Metaspace Usage History (0 events):
No events

Dll operation events (4 events):
Event: 0.007 Loaded shared library C:\Users\asus\.jdks\openjdk-25.0.1\bin\java.dll
Event: 0.029 Loaded shared library C:\Users\asus\.jdks\openjdk-25.0.1\bin\net.dll
Event: 0.030 Loaded shared library C:\Users\asus\.jdks\openjdk-25.0.1\bin\nio.dll
Event: 0.032 Loaded shared library C:\Users\asus\.jdks\openjdk-25.0.1\bin\zip.dll

Deoptimization events (2 events):
Event: 0.058 Thread 0x0000018251b74ce0 DEOPT PACKING pc=0x000001825c7966a0 sp=0x00000031faafe2d0
Event: 0.058 Thread 0x0000018251b74ce0 DEOPT UNPACKING pc=0x0000018263c21702 sp=0x00000031faafd758 mode 0

Classes loaded (18 events):
Event: 0.027 Loading class jdk/internal/vm/PostVMInitHook
Event: 0.027 Loading class jdk/internal/vm/PostVMInitHook done
Event: 0.035 Loading class java/util/StringTokenizer
Event: 0.035 Loading class java/util/StringTokenizer done
Event: 0.043 Loading class java/security/AccessControlException
Event: 0.043 Loading class java/lang/SecurityException
Event: 0.043 Loading class java/lang/SecurityException done
Event: 0.043 Loading class java/security/AccessControlException done
Event: 0.043 Loading class java/lang/InterruptedException
Event: 0.043 Loading class java/lang/InterruptedException done
Event: 0.046 Loading class java/util/concurrent/Semaphore
Event: 0.046 Loading class java/util/concurrent/Semaphore done
Event: 0.046 Loading class java/util/concurrent/Semaphore$NonfairSync
Event: 0.046 Loading class java/util/concurrent/Semaphore$Sync
Event: 0.046 Loading class java/util/concurrent/Semaphore$Sync done
Event: 0.046 Loading class java/util/concurrent/Semaphore$NonfairSync done
Event: 0.059 Loading class java/lang/IllegalStateException
Event: 0.059 Loading class java/lang/IllegalStateException done

Classes unloaded (0 events):
No events

Classes redefined (0 events):
No events

Internal exceptions (0 events):
No events

VM Operations (0 events):
No events

Memory protections (0 events):
No events

Nmethod flushes (0 events):
No events

Events (15 events):
Event: 0.017 Thread 0x0000018251b74ce0 Thread added: 0x0000018251b74ce0
Event: 0.024 Thread 0x0000018251b74ce0 Thread added: 0x0000018273841a20
Event: 0.024 Thread 0x0000018251b74ce0 Thread added: 0x0000018273842330
Event: 0.025 Thread 0x0000018251b74ce0 Thread added: 0x0000018273845280
Event: 0.025 Thread 0x0000018251b74ce0 Thread added: 0x00000182738471a0
Event: 0.025 Thread 0x0000018251b74ce0 Thread added: 0x00000182738508e0
Event: 0.025 Thread 0x0000018251b74ce0 Thread added: 0x000001827384b030
Event: 0.025 Thread 0x0000018251b74ce0 Thread added: 0x0000018273865170
Event: 0.025 Thread 0x0000018251b74ce0 Thread added: 0x00000182738730a0
Event: 0.027 Thread 0x0000018251b74ce0 Thread added: 0x0000018273848920
Event: 0.028 Thread 0x0000018251b74ce0 Thread added: 0x000001827384d740
Event: 0.037 Thread 0x00000182738730a0 Thread added: 0x0000018273872080
Event: 0.037 Thread 0x00000182738730a0 Thread added: 0x00000182738748d0
Event: 0.046 Thread 0x0000018273872080 Thread added: 0x0000018273871060
Event: 0.046 Thread 0x0000018273872080 Thread added: 0x00000182738738b0


Dynamic libraries:
0x00007ff6e8920000 - 0x00007ff6e892e000 	C:\Users\asus\.jdks\openjdk-25.0.1\bin\java.exe
0x00007ffeebf40000 - 0x00007ffeec1a7000 	C:\Windows\SYSTEM32\ntdll.dll
0x00007ffeea490000 - 0x00007ffeea559000 	C:\Windows\System32\KERNEL32.DLL
0x00007ffee8ae0000 - 0x00007ffee8ed4000 	C:\Windows\System32\KERNELBASE.dll
0x00007ffee8990000 - 0x00007ffee8adb000 	C:\Windows\System32\ucrtbase.dll
0x00007ffed9390000 - 0x00007ffed93a7000 	C:\Users\asus\.jdks\openjdk-25.0.1\bin\jli.dll
0x00007ffed3060000 - 0x00007ffed307e000 	C:\Users\asus\.jdks\openjdk-25.0.1\bin\VCRUNTIME140.dll
0x00007ffee9cd0000 - 0x00007ffee9e95000 	C:\Windows\System32\USER32.dll
0x00007ffee9270000 - 0x00007ffee9297000 	C:\Windows\System32\win32u.dll
0x00007ffed4d00000 - 0x00007ffed4f93000 	C:\Windows\WinSxS\amd64_microsoft.windows.common-controls_6595b64144ccf1df_6.0.26100.8115_none_3e075c82e3354f9c\COMCTL32.dll
0x00007ffeeb360000 - 0x00007ffeeb38b000 	C:\Windows\System32\GDI32.dll
0x00007ffee9eb0000 - 0x00007ffee9f59000 	C:\Windows\System32\msvcrt.dll
0x00007ffee9ba0000 - 0x00007ffee9ccb000 	C:\Windows\System32\gdi32full.dll
0x00007ffee91c0000 - 0x00007ffee9263000 	C:\Windows\System32\msvcp_win.dll
0x00007ffeeb320000 - 0x00007ffeeb352000 	C:\Windows\System32\IMM32.DLL
0x00007ffee65b0000 - 0x00007ffee65bc000 	C:\Users\asus\.jdks\openjdk-25.0.1\bin\vcruntime140_1.dll
0x00007ffe96f20000 - 0x00007ffe96fad000 	C:\Users\asus\.jdks\openjdk-25.0.1\bin\msvcp140.dll
0x00007ffe86130000 - 0x00007ffe86f8f000 	C:\Users\asus\.jdks\openjdk-25.0.1\bin\server\jvm.dll
0x00007ffeea270000 - 0x00007ffeea326000 	C:\Windows\System32\ADVAPI32.dll
0x00007ffeea140000 - 0x00007ffeea1e7000 	C:\Windows\System32\sechost.dll
0x00007ffeeac90000 - 0x00007ffeeada8000 	C:\Windows\System32\RPCRT4.dll
0x00007ffeeac00000 - 0x00007ffeeac80000 	C:\Windows\System32\WS2_32.dll
0x00007ffee8670000 - 0x00007ffee86ce000 	C:\Windows\SYSTEM32\POWRPROF.dll
0x00007ffee1830000 - 0x00007ffee183b000 	C:\Windows\SYSTEM32\VERSION.dll
0x00007ffee17f0000 - 0x00007ffee1826000 	C:\Windows\SYSTEM32\WINMM.dll
0x00007ffee8650000 - 0x00007ffee8664000 	C:\Windows\SYSTEM32\UMPDC.dll
0x00007ffee75a0000 - 0x00007ffee75bb000 	C:\Windows\SYSTEM32\kernel.appcore.dll
0x00007ffedd190000 - 0x00007ffedd19a000 	C:\Users\asus\.jdks\openjdk-25.0.1\bin\jimage.dll
0x00007ffee6110000 - 0x00007ffee6352000 	C:\Windows\SYSTEM32\DBGHELP.DLL
0x00007ffeea870000 - 0x00007ffeeabf2000 	C:\Windows\System32\combase.dll
0x00007ffeea060000 - 0x00007ffeea138000 	C:\Windows\System32\OLEAUT32.dll
0x00007ffec9300000 - 0x00007ffec933b000 	C:\Windows\SYSTEM32\dbgcore.DLL
0x00007ffee8ee0000 - 0x00007ffee8f85000 	C:\Windows\System32\bcryptPrimitives.dll
0x00007ffed04b0000 - 0x00007ffed04cf000 	C:\Users\asus\.jdks\openjdk-25.0.1\bin\java.dll
0x00007ffeeb4d0000 - 0x00007ffeeb667000 	C:\Windows\System32\ole32.dll
0x00007ffeeb680000 - 0x00007ffeebde7000 	C:\Windows\System32\SHELL32.dll
0x00007ffee8f90000 - 0x00007ffee90fa000 	C:\Windows\System32\wintypes.dll
0x00007ffee9330000 - 0x00007ffee9b98000 	C:\Windows\System32\windows.storage.dll
0x00007ffee9f60000 - 0x00007ffeea058000 	C:\Windows\System32\SHCORE.dll
0x00007ffeea1f0000 - 0x00007ffeea256000 	C:\Windows\System32\shlwapi.dll
0x00007ffee8730000 - 0x00007ffee8759000 	C:\Windows\SYSTEM32\profapi.dll
0x00007ffecef20000 - 0x00007ffecef32000 	C:\Users\asus\.jdks\openjdk-25.0.1\bin\net.dll
0x00007ffee7b10000 - 0x00007ffee7b7c000 	C:\Windows\system32\mswsock.dll
0x00007ffecef00000 - 0x00007ffecef16000 	C:\Users\asus\.jdks\openjdk-25.0.1\bin\nio.dll
0x00007ffecedb0000 - 0x00007ffecedc7000 	C:\Users\asus\.jdks\openjdk-25.0.1\bin\zip.dll
0x00007ffed4fa0000 - 0x00007ffed4faa000 	C:\Users\asus\.jdks\openjdk-25.0.1\bin\management.dll
0x00007ffed1da0000 - 0x00007ffed1dac000 	C:\Users\asus\.jdks\openjdk-25.0.1\bin\management_ext.dll
0x00007ffeea260000 - 0x00007ffeea268000 	C:\Windows\System32\PSAPI.DLL

JVMTI agents: none

dbghelp: loaded successfully - version: 4.0.5 - missing functions: none
symbol engine: initialized successfully - sym options: 0x614 - pdb path: .;C:\Users\asus\.jdks\openjdk-25.0.1\bin;C:\Windows\SYSTEM32;C:\Windows\WinSxS\amd64_microsoft.windows.common-controls_6595b64144ccf1df_6.0.26100.8115_none_3e075c82e3354f9c;C:\Users\asus\.jdks\openjdk-25.0.1\bin\server

VM Arguments:
java_command: C:\Users\asus\AppData\Local\Temp\surefire5340629254613911139\surefirebooter-20260424201938950_3.jar C:\Users\asus\AppData\Local\Temp\surefire5340629254613911139 2026-04-24T20-19-38_733-jvmRun1 surefire-20260424201938950_1tmp surefire_0-20260424201938950_2tmp
java_class_path (initial): C:\Users\asus\AppData\Local\Temp\surefire5340629254613911139\surefirebooter-20260424201938950_3.jar
Launcher Type: SUN_STANDARD

[Global flags]
     intx CICompilerCount                          = 12                                        {product} {ergonomic}
     uint ConcGCThreads                            = 3                                         {product} {ergonomic}
     uint G1ConcRefinementThreads                  = 13                                        {product} {ergonomic}
   size_t G1HeapRegionSize                         = 2097152                                   {product} {ergonomic}
   size_t InitialHeapSize                          = 260046848                                 {product} {ergonomic}
   size_t MarkStackSize                            = 4194304                                   {product} {ergonomic}
   size_t MarkStackSizeMax                         = 536870912                                 {product} {ergonomic}
   size_t MaxHeapSize                              = 4135583744                                {product} {ergonomic}
   size_t MaxNewSize                               = 2480930816                                {product} {ergonomic}
   size_t MinHeapDeltaBytes                        = 2097152                                   {product} {ergonomic}
   size_t MinHeapSize                              = 8388608                                   {product} {ergonomic}
    uintx NonNMethodCodeHeapSize                   = 7602176                                {pd product} {ergonomic}
    uintx NonProfiledCodeHeapSize                  = 122093568                              {pd product} {ergonomic}
    uintx ProfiledCodeHeapSize                     = 121962496                              {pd product} {ergonomic}
    uintx ReservedCodeCacheSize                    = 251658240                              {pd product} {ergonomic}
     bool SegmentedCodeCache                       = true                                      {product} {ergonomic}
   size_t SoftMaxHeapSize                          = 4135583744                             {manageable} {ergonomic}
     bool UseCompressedOops                        = true                           {product lp64_product} {ergonomic}
     bool UseG1GC                                  = true                                      {product} {ergonomic}
     bool UseLargePagesIndividualAllocation        = false                                  {pd product} {ergonomic}

Logging:
Log output configuration:
 #0: stdout all=warning uptime,level,tags foldmultilines=false
 #1: stderr all=off uptime,level,tags foldmultilines=false

Release file:
<release file has not been read>
Environment Variables:
JAVA_HOME=C:\Users\asus\.jdks\openjdk-25.0.1
PATH=C:\Program Files\Microsoft SDKs\Azure\CLI2\wbin;C:\Windows\system32;C:\Windows;C:\Windows\System32\Wbem;C:\Windows\System32\WindowsPowerShell\v1.0\;C:\Windows\System32\OpenSSH\;C:\ProgramData\chocolatey\bin;N:\Git\cmd;C:\Program Files\Docker\Docker\resources\bin;C:\Program Files\Microsoft SQL Server\170\Tools\Binn\;C:\Program Files\Microsoft SQL Server\Client SDK\ODBC\170\Tools\Binn\;C:\Program Files\dotnet\;C:\Users\asus\.jdks\openjdk-25.0.1\bin;C:\Users\asus\AppData\Local\Microsoft\WindowsApps;C:\Users\asus\AppData\Local\Programs\Microsoft VS Code\bin;C:\Users\asus\.dotnet\tools;O:\Antigravity\bin
USERNAME=asus
OS=Windows_NT
PROCESSOR_IDENTIFIER=AMD64 Family 25 Model 80 Stepping 0, AuthenticAMD
TMP=C:\Users\asus\AppData\Local\Temp
TEMP=C:\Users\asus\AppData\Local\Temp




Compilation memory statistics disabled.

Periodic native trim disabled

---------------  S Y S T E M  ---------------

OS:
 Windows 11 , 64 bit Build 26100 (10.0.26100.8246)
OS uptime: 0 days 8:30 hours
Hyper-V role detected

CPU: total 16 (initial active 16) (16 cores per cpu, 2 threads per core) family 25 model 80 stepping 0 microcode 0xa50000d, cx8, cmov, fxsr, ht, mmx, 3dnowpref, sse, sse2, sse3, ssse3, sse4a, sse4.1, sse4.2, popcnt, lzcnt, tsc, tscinvbit, avx, avx2, aes, erms, clmul, bmi1, bmi2, adx, sha, fma, vzeroupper, clflush, clflushopt, clwb, hv, rdtscp, rdpid, fsrm, f16c, cet_ss
Processor Information for processor 0
  Max Mhz: 3201, Current Mhz: 3201, Mhz Limit: 3201
Processor Information for processor 1
  Max Mhz: 3201, Current Mhz: 2555, Mhz Limit: 3201
Processor Information for processor 2
  Max Mhz: 3201, Current Mhz: 3201, Mhz Limit: 3201
Processor Information for processor 3
  Max Mhz: 3201, Current Mhz: 2555, Mhz Limit: 3201
Processor Information for processor 4
  Max Mhz: 3201, Current Mhz: 3201, Mhz Limit: 3201
Processor Information for processor 5
  Max Mhz: 3201, Current Mhz: 2555, Mhz Limit: 3201
Processor Information for processor 6
  Max Mhz: 3201, Current Mhz: 2555, Mhz Limit: 3201
Processor Information for processor 7
  Max Mhz: 3201, Current Mhz: 3201, Mhz Limit: 3201
Processor Information for processor 8
  Max Mhz: 3201, Current Mhz: 3201, Mhz Limit: 3201
Processor Information for processor 9
  Max Mhz: 3201, Current Mhz: 3201, Mhz Limit: 3201
Processor Information for processor 10
  Max Mhz: 3201, Current Mhz: 3201, Mhz Limit: 3201
Processor Information for processor 11
  Max Mhz: 3201, Current Mhz: 2555, Mhz Limit: 3201
Processor Information for processor 12
  Max Mhz: 3201, Current Mhz: 3201, Mhz Limit: 3201
Processor Information for processor 13
  Max Mhz: 3201, Current Mhz: 3201, Mhz Limit: 3201
Processor Information for processor 14
  Max Mhz: 3201, Current Mhz: 3201, Mhz Limit: 3201
Processor Information for processor 15
  Max Mhz: 3201, Current Mhz: 3201, Mhz Limit: 3201

Memory: 4k page, system-wide physical 15773M (1616M free)
TotalPageFile size 25115M (AvailPageFile size 2M)
current process WorkingSet (physical memory assigned to process): 45M, peak: 45M
current process commit charge ("private bytes"): 348M, peak: 348M

vm_info: OpenJDK 64-Bit Server VM (25.0.1+8-27) for windows-amd64 JRE (25.0.1+8-27), built on 2025-09-25T16:41:16Z with unknown MS VC++:1943

END.
